[PARSEC] [========== PARSEC 3.0-beta-20150206 BUILD LOGFILE ==========]

[PARSEC] Build amd64-linux.gcc started on Sáb Jun 19 16:19:11 -03 2021.
[PARSEC] Packages to build:  parsec.x264

[PARSEC] [========== Building package parsec.x264 [1] ==========]
[PARSEC] [---------- Analyzing package parsec.x264 ----------]
[PARSEC] parsec.x264 depends on: yasm
[PARSEC] [---------- Analyzing package parsec.yasm ----------]
[PARSEC] parsec.yasm does not depend on any other packages.
[PARSEC] [---------- Building package parsec.yasm ----------]
[PARSEC] Running 'env LIBS=-L/usr/lib64 -L/usr/lib  /home/manoel/Documentos/Faculdade/PCD/parsec-3.0/pkgs/tools/yasm/src/configure --prefix=/home/manoel/Documentos/Faculdade/PCD/parsec-3.0/pkgs/tools/yasm/inst/amd64-linux.gcc':
checking for a BSD-compatible install... /home/manoel/Documentos/Faculdade/PCD/parsec-3.0/bin/install -c
checking whether build environment is sane... yes
checking for a thread-safe mkdir -p... /bin/mkdir -p
checking for gawk... gawk
checking whether /usr/bin/make sets $(MAKE)... yes
checking whether to enable maintainer-specific portions of Makefiles... no
checking for style of include used by /usr/bin/make... GNU
checking for gcc... /usr/bin/gcc
checking for C compiler default output file name... a.out
checking whether the C compiler works... yes
checking whether we are cross compiling... no
checking for suffix of executables... 
checking for suffix of object files... o
checking whether we are using the GNU C compiler... yes
checking whether /usr/bin/gcc accepts -g... yes
checking for /usr/bin/gcc option to accept ISO C89... none needed
checking dependency style of /usr/bin/gcc... gcc3
checking how to run the C preprocessor... /usr/bin/cpp
checking for /usr/bin/gcc option to accept ISO C99... none needed
checking for /usr/bin/gcc option to accept ISO Standard C... (cached) none needed
checking for a BSD-compatible install... /home/manoel/Documentos/Faculdade/PCD/parsec-3.0/bin/install -c
checking whether ln -s works... yes
checking for ranlib... /usr/bin/ranlib
checking for xmlto... no
checking if malloc debugging is wanted... no
checking for grep that handles long lines and -e... /bin/grep
checking for egrep... /bin/grep -E
checking for ANSI C header files... yes
checking for sys/types.h... yes
checking for sys/stat.h... yes
checking for stdlib.h... yes
checking for string.h... yes
checking for memory.h... yes
checking for strings.h... yes
checking for inttypes.h... yes
checking for stdint.h... yes
checking for unistd.h... yes
checking for strings.h... (cached) yes
checking libgen.h usability... yes
checking libgen.h presence... yes
checking for libgen.h... yes
checking for unistd.h... (cached) yes
checking direct.h usability... no
checking direct.h presence... no
checking for direct.h... no
checking for an ANSI C-conforming const... yes
checking for inline... inline
checking for function prototypes... yes
checking for size_t... yes
checking for stdint types... stdint.h (shortcircuit)
make use of stdint.h in libyasm-stdint.h (assuming C99 compatible system)
checking for abort... yes
checking for toascii... yes
checking for vsnprintf... yes
checking for strsep... yes
checking for mergesort... no
checking for getcwd... yes
checking for popen... yes
checking for strcasecmp... yes
checking for strncasecmp... yes
checking for stricmp... no
checking for _stricmp... no
checking for strcmpi... no
checking whether NLS is requested... yes
checking for msgfmt... /usr/bin/msgfmt
checking for gmsgfmt... /usr/bin/msgfmt
checking for xgettext... /usr/bin/xgettext
checking for msgmerge... /usr/bin/msgmerge
checking build system type... x86_64-unknown-linux-gnu
checking host system type... x86_64-unknown-linux-gnu
checking for ld used by GCC... /usr/bin/ld
checking if the linker (/usr/bin/ld) is GNU ld... yes
checking for shared library run path origin... done
checking for CFPreferencesCopyAppValue... no
checking for CFLocaleCopyCurrent... no
checking for GNU gettext in libc... yes
checking whether to use NLS... yes
checking where the gettext function comes from... libc
checking for GNU C Library... yes
configure: Checking for Python
checking for a Python interpreter with version >= 2.4... python
checking for python... /usr/local/bin/python
checking for python version... 2.7
checking for python platform... linux2
checking for python script directory... ${prefix}/lib/python2.7/site-packages
checking for python extension module directory... ${exec_prefix}/lib/python2.7/site-packages
configure: creating ./config.status
config.status: creating Makefile
config.status: creating po/Makefile.in
config.status: creating config.h
config.status: executing depfiles commands
config.status: executing libyasm-stdint.h commands
config.status: creating libyasm-stdint.h : _YASM_LIBYASM_STDINT_H
config.status: executing po-directories commands
config.status: creating po/POTFILES
config.status: creating po/Makefile
[PARSEC] Running 'env LIBS=-L/usr/lib64 -L/usr/lib  /usr/bin/make':
/usr/local/bin/python /home/manoel/Documentos/Faculdade/PCD/parsec-3.0/pkgs/tools/yasm/src/modules/arch/x86/gen_x86_insn.py
/usr/bin/gcc -I. -I/home/manoel/Documentos/Faculdade/PCD/parsec-3.0/pkgs/tools/yasm/src  -c -o genperf.o `test -f tools/genperf/genperf.c || echo '/home/manoel/Documentos/Faculdade/PCD/parsec-3.0/pkgs/tools/yasm/src/'`tools/genperf/genperf.c
/usr/bin/gcc -I. -I/home/manoel/Documentos/Faculdade/PCD/parsec-3.0/pkgs/tools/yasm/src  -c -o gp-perfect.o `test -f tools/genperf/perfect.c || echo '/home/manoel/Documentos/Faculdade/PCD/parsec-3.0/pkgs/tools/yasm/src/'`tools/genperf/perfect.c
/usr/bin/gcc -I. -I/home/manoel/Documentos/Faculdade/PCD/parsec-3.0/pkgs/tools/yasm/src  -c -o gp-phash.o `test -f libyasm/phash.c || echo '/home/manoel/Documentos/Faculdade/PCD/parsec-3.0/pkgs/tools/yasm/src/'`libyasm/phash.c
/usr/bin/gcc -I. -I/home/manoel/Documentos/Faculdade/PCD/parsec-3.0/pkgs/tools/yasm/src  -c -o gp-xmalloc.o `test -f libyasm/xmalloc.c || echo '/home/manoel/Documentos/Faculdade/PCD/parsec-3.0/pkgs/tools/yasm/src/'`libyasm/xmalloc.c
/usr/bin/gcc -I. -I/home/manoel/Documentos/Faculdade/PCD/parsec-3.0/pkgs/tools/yasm/src  -c -o gp-xstrdup.o `test -f libyasm/xstrdup.c || echo '/home/manoel/Documentos/Faculdade/PCD/parsec-3.0/pkgs/tools/yasm/src/'`libyasm/xstrdup.c
/usr/bin/gcc -o genperf  genperf.o gp-perfect.o gp-phash.o gp-xmalloc.o gp-xstrdup.o -L/usr/lib64 -L/usr/lib 
./genperf x86insn_nasm.gperf x86insn_nasm.c
found distinct (A,B) on attempt 19
built perfect hash table of size 512
./genperf x86insn_gas.gperf x86insn_gas.c
found distinct (A,B) on attempt 349
built perfect hash table of size 512
./genperf /home/manoel/Documentos/Faculdade/PCD/parsec-3.0/pkgs/tools/yasm/src/modules/arch/x86/x86cpu.gperf x86cpu.c
found distinct (A,B) on attempt 3
built perfect hash table of size 128
./genperf /home/manoel/Documentos/Faculdade/PCD/parsec-3.0/pkgs/tools/yasm/src/modules/arch/x86/x86regtmod.gperf x86regtmod.c
found distinct (A,B) on attempt 1
built perfect hash table of size 128
/usr/bin/gcc -I. -I/home/manoel/Documentos/Faculdade/PCD/parsec-3.0/pkgs/tools/yasm/src  -c -o re2c-main.o `test -f tools/re2c/main.c || echo '/home/manoel/Documentos/Faculdade/PCD/parsec-3.0/pkgs/tools/yasm/src/'`tools/re2c/main.c
/usr/bin/gcc -I. -I/home/manoel/Documentos/Faculdade/PCD/parsec-3.0/pkgs/tools/yasm/src  -c -o re2c-code.o `test -f tools/re2c/code.c || echo '/home/manoel/Documentos/Faculdade/PCD/parsec-3.0/pkgs/tools/yasm/src/'`tools/re2c/code.c
/usr/bin/gcc -I. -I/home/manoel/Documentos/Faculdade/PCD/parsec-3.0/pkgs/tools/yasm/src  -c -o re2c-dfa.o `test -f tools/re2c/dfa.c || echo '/home/manoel/Documentos/Faculdade/PCD/parsec-3.0/pkgs/tools/yasm/src/'`tools/re2c/dfa.c
/usr/bin/gcc -I. -I/home/manoel/Documentos/Faculdade/PCD/parsec-3.0/pkgs/tools/yasm/src  -c -o re2c-parser.o `test -f tools/re2c/parser.c || echo '/home/manoel/Documentos/Faculdade/PCD/parsec-3.0/pkgs/tools/yasm/src/'`tools/re2c/parser.c
/usr/bin/gcc -I. -I/home/manoel/Documentos/Faculdade/PCD/parsec-3.0/pkgs/tools/yasm/src  -c -o re2c-actions.o `test -f tools/re2c/actions.c || echo '/home/manoel/Documentos/Faculdade/PCD/parsec-3.0/pkgs/tools/yasm/src/'`tools/re2c/actions.c
/usr/bin/gcc -I. -I/home/manoel/Documentos/Faculdade/PCD/parsec-3.0/pkgs/tools/yasm/src  -c -o re2c-scanner.o `test -f tools/re2c/scanner.c || echo '/home/manoel/Documentos/Faculdade/PCD/parsec-3.0/pkgs/tools/yasm/src/'`tools/re2c/scanner.c
/usr/bin/gcc -I. -I/home/manoel/Documentos/Faculdade/PCD/parsec-3.0/pkgs/tools/yasm/src  -c -o re2c-mbo_getopt.o `test -f tools/re2c/mbo_getopt.c || echo '/home/manoel/Documentos/Faculdade/PCD/parsec-3.0/pkgs/tools/yasm/src/'`tools/re2c/mbo_getopt.c
/usr/bin/gcc -I. -I/home/manoel/Documentos/Faculdade/PCD/parsec-3.0/pkgs/tools/yasm/src  -c -o re2c-substr.o `test -f tools/re2c/substr.c || echo '/home/manoel/Documentos/Faculdade/PCD/parsec-3.0/pkgs/tools/yasm/src/'`tools/re2c/substr.c
/usr/bin/gcc -I. -I/home/manoel/Documentos/Faculdade/PCD/parsec-3.0/pkgs/tools/yasm/src  -c -o re2c-translate.o `test -f tools/re2c/translate.c || echo '/home/manoel/Documentos/Faculdade/PCD/parsec-3.0/pkgs/tools/yasm/src/'`tools/re2c/translate.c
/usr/bin/gcc -o re2c  re2c-main.o re2c-code.o re2c-dfa.o re2c-parser.o re2c-actions.o re2c-scanner.o re2c-mbo_getopt.o re2c-substr.o re2c-translate.o -L/usr/lib64 -L/usr/lib 
./re2c -s -o lc3bid.c /home/manoel/Documentos/Faculdade/PCD/parsec-3.0/pkgs/tools/yasm/src/modules/arch/lc3b/lc3bid.re
./re2c -b -o gas-token.c /home/manoel/Documentos/Faculdade/PCD/parsec-3.0/pkgs/tools/yasm/src/modules/parsers/gas/gas-token.re
./re2c -b -o nasm-token.c /home/manoel/Documentos/Faculdade/PCD/parsec-3.0/pkgs/tools/yasm/src/modules/parsers/nasm/nasm-token.re
/usr/bin/gcc -I. -I/home/manoel/Documentos/Faculdade/PCD/parsec-3.0/pkgs/tools/yasm/src  -c -o genversion.o `test -f modules/preprocs/nasm/genversion.c || echo '/home/manoel/Documentos/Faculdade/PCD/parsec-3.0/pkgs/tools/yasm/src/'`modules/preprocs/nasm/genversion.c
/usr/bin/gcc -o genversion  genversion.o -L/usr/lib64 -L/usr/lib 
./genversion version.mac
/usr/bin/gcc -I. -I/home/manoel/Documentos/Faculdade/PCD/parsec-3.0/pkgs/tools/yasm/src  -c -o genmacro.o `test -f modules/preprocs/nasm/genmacro.c || echo '/home/manoel/Documentos/Faculdade/PCD/parsec-3.0/pkgs/tools/yasm/src/'`modules/preprocs/nasm/genmacro.c
/usr/bin/gcc -o genmacro  genmacro.o -L/usr/lib64 -L/usr/lib 
./genmacro /home/manoel/Documentos/Faculdade/PCD/parsec-3.0/pkgs/tools/yasm/src/modules/preprocs/nasm/standard.mac version.mac
/usr/bin/gcc -I. -I/home/manoel/Documentos/Faculdade/PCD/parsec-3.0/pkgs/tools/yasm/src  -c -o genmodule.o `test -f libyasm/genmodule.c || echo '/home/manoel/Documentos/Faculdade/PCD/parsec-3.0/pkgs/tools/yasm/src/'`libyasm/genmodule.c
/usr/bin/gcc -o genmodule  genmodule.o -L/usr/lib64 -L/usr/lib 
./genmodule /home/manoel/Documentos/Faculdade/PCD/parsec-3.0/pkgs/tools/yasm/src/libyasm/module.in Makefile
/usr/bin/gcc -I. -I/home/manoel/Documentos/Faculdade/PCD/parsec-3.0/pkgs/tools/yasm/src  -c -o genstring.o `test -f genstring.c || echo '/home/manoel/Documentos/Faculdade/PCD/parsec-3.0/pkgs/tools/yasm/src/'`genstring.c
/usr/bin/gcc -o genstring  genstring.o -L/usr/lib64 -L/usr/lib 
./genstring license_msg license.c /home/manoel/Documentos/Faculdade/PCD/parsec-3.0/pkgs/tools/yasm/src/COPYING
/usr/bin/make  all-recursive
make[1]: Entering directory '/home/manoel/Documentos/Faculdade/PCD/parsec-3.0/pkgs/tools/yasm/obj/amd64-linux.gcc'
Making all in po
make[2]: Entering directory '/home/manoel/Documentos/Faculdade/PCD/parsec-3.0/pkgs/tools/yasm/obj/amd64-linux.gcc/po'
make[2]: Nothing to be done for 'all'.
make[2]: Leaving directory '/home/manoel/Documentos/Faculdade/PCD/parsec-3.0/pkgs/tools/yasm/obj/amd64-linux.gcc/po'
Making all in .
make[2]: Entering directory '/home/manoel/Documentos/Faculdade/PCD/parsec-3.0/pkgs/tools/yasm/obj/amd64-linux.gcc'
/usr/bin/gcc -DHAVE_CONFIG_H -I. -I/home/manoel/Documentos/Faculdade/PCD/parsec-3.0/pkgs/tools/yasm/src     -O3 -g -funroll-loops -fprefetch-loop-arrays -static-libgcc -Wl,--hash-style=both,--as-needed -DPARSEC_VERSION=3.0-beta-20150206 -MT x86arch.o -MD -MP -MF .deps/x86arch.Tpo -c -o x86arch.o `test -f 'modules/arch/x86/x86arch.c' || echo '/home/manoel/Documentos/Faculdade/PCD/parsec-3.0/pkgs/tools/yasm/src/'`modules/arch/x86/x86arch.c
mv -f .deps/x86arch.Tpo .deps/x86arch.Po
/usr/bin/gcc -DHAVE_CONFIG_H -I. -I/home/manoel/Documentos/Faculdade/PCD/parsec-3.0/pkgs/tools/yasm/src     -O3 -g -funroll-loops -fprefetch-loop-arrays -static-libgcc -Wl,--hash-style=both,--as-needed -DPARSEC_VERSION=3.0-beta-20150206 -MT x86bc.o -MD -MP -MF .deps/x86bc.Tpo -c -o x86bc.o `test -f 'modules/arch/x86/x86bc.c' || echo '/home/manoel/Documentos/Faculdade/PCD/parsec-3.0/pkgs/tools/yasm/src/'`modules/arch/x86/x86bc.c
mv -f .deps/x86bc.Tpo .deps/x86bc.Po
/usr/bin/gcc -DHAVE_CONFIG_H -I. -I/home/manoel/Documentos/Faculdade/PCD/parsec-3.0/pkgs/tools/yasm/src     -O3 -g -funroll-loops -fprefetch-loop-arrays -static-libgcc -Wl,--hash-style=both,--as-needed -DPARSEC_VERSION=3.0-beta-20150206 -MT x86expr.o -MD -MP -MF .deps/x86expr.Tpo -c -o x86expr.o `test -f 'modules/arch/x86/x86expr.c' || echo '/home/manoel/Documentos/Faculdade/PCD/parsec-3.0/pkgs/tools/yasm/src/'`modules/arch/x86/x86expr.c
mv -f .deps/x86expr.Tpo .deps/x86expr.Po
/usr/bin/gcc -DHAVE_CONFIG_H -I. -I/home/manoel/Documentos/Faculdade/PCD/parsec-3.0/pkgs/tools/yasm/src     -O3 -g -funroll-loops -fprefetch-loop-arrays -static-libgcc -Wl,--hash-style=both,--as-needed -DPARSEC_VERSION=3.0-beta-20150206 -MT x86id.o -MD -MP -MF .deps/x86id.Tpo -c -o x86id.o `test -f 'modules/arch/x86/x86id.c' || echo '/home/manoel/Documentos/Faculdade/PCD/parsec-3.0/pkgs/tools/yasm/src/'`modules/arch/x86/x86id.c
mv -f .deps/x86id.Tpo .deps/x86id.Po
/usr/bin/gcc -DHAVE_CONFIG_H -I. -I/home/manoel/Documentos/Faculdade/PCD/parsec-3.0/pkgs/tools/yasm/src     -O3 -g -funroll-loops -fprefetch-loop-arrays -static-libgcc -Wl,--hash-style=both,--as-needed -DPARSEC_VERSION=3.0-beta-20150206 -MT x86cpu.o -MD -MP -MF .deps/x86cpu.Tpo -c -o x86cpu.o x86cpu.c
mv -f .deps/x86cpu.Tpo .deps/x86cpu.Po
/usr/bin/gcc -DHAVE_CONFIG_H -I. -I/home/manoel/Documentos/Faculdade/PCD/parsec-3.0/pkgs/tools/yasm/src     -O3 -g -funroll-loops -fprefetch-loop-arrays -static-libgcc -Wl,--hash-style=both,--as-needed -DPARSEC_VERSION=3.0-beta-20150206 -MT x86regtmod.o -MD -MP -MF .deps/x86regtmod.Tpo -c -o x86regtmod.o x86regtmod.c
mv -f .deps/x86regtmod.Tpo .deps/x86regtmod.Po
/usr/bin/gcc -DHAVE_CONFIG_H -I. -I/home/manoel/Documentos/Faculdade/PCD/parsec-3.0/pkgs/tools/yasm/src     -O3 -g -funroll-loops -fprefetch-loop-arrays -static-libgcc -Wl,--hash-style=both,--as-needed -DPARSEC_VERSION=3.0-beta-20150206 -MT lc3barch.o -MD -MP -MF .deps/lc3barch.Tpo -c -o lc3barch.o `test -f 'modules/arch/lc3b/lc3barch.c' || echo '/home/manoel/Documentos/Faculdade/PCD/parsec-3.0/pkgs/tools/yasm/src/'`modules/arch/lc3b/lc3barch.c
mv -f .deps/lc3barch.Tpo .deps/lc3barch.Po
/usr/bin/gcc -DHAVE_CONFIG_H -I. -I/home/manoel/Documentos/Faculdade/PCD/parsec-3.0/pkgs/tools/yasm/src     -O3 -g -funroll-loops -fprefetch-loop-arrays -static-libgcc -Wl,--hash-style=both,--as-needed -DPARSEC_VERSION=3.0-beta-20150206 -MT lc3bbc.o -MD -MP -MF .deps/lc3bbc.Tpo -c -o lc3bbc.o `test -f 'modules/arch/lc3b/lc3bbc.c' || echo '/home/manoel/Documentos/Faculdade/PCD/parsec-3.0/pkgs/tools/yasm/src/'`modules/arch/lc3b/lc3bbc.c
mv -f .deps/lc3bbc.Tpo .deps/lc3bbc.Po
/usr/bin/gcc -DHAVE_CONFIG_H -I. -I/home/manoel/Documentos/Faculdade/PCD/parsec-3.0/pkgs/tools/yasm/src     -O3 -g -funroll-loops -fprefetch-loop-arrays -static-libgcc -Wl,--hash-style=both,--as-needed -DPARSEC_VERSION=3.0-beta-20150206 -MT lc3bid.o -MD -MP -MF .deps/lc3bid.Tpo -c -o lc3bid.o lc3bid.c
mv -f .deps/lc3bid.Tpo .deps/lc3bid.Po
/usr/bin/gcc -DHAVE_CONFIG_H -I. -I/home/manoel/Documentos/Faculdade/PCD/parsec-3.0/pkgs/tools/yasm/src     -O3 -g -funroll-loops -fprefetch-loop-arrays -static-libgcc -Wl,--hash-style=both,--as-needed -DPARSEC_VERSION=3.0-beta-20150206 -MT nasm-listfmt.o -MD -MP -MF .deps/nasm-listfmt.Tpo -c -o nasm-listfmt.o `test -f 'modules/listfmts/nasm/nasm-listfmt.c' || echo '/home/manoel/Documentos/Faculdade/PCD/parsec-3.0/pkgs/tools/yasm/src/'`modules/listfmts/nasm/nasm-listfmt.c
mv -f .deps/nasm-listfmt.Tpo .deps/nasm-listfmt.Po
/usr/bin/gcc -DHAVE_CONFIG_H -I. -I/home/manoel/Documentos/Faculdade/PCD/parsec-3.0/pkgs/tools/yasm/src     -O3 -g -funroll-loops -fprefetch-loop-arrays -static-libgcc -Wl,--hash-style=both,--as-needed -DPARSEC_VERSION=3.0-beta-20150206 -MT gas-parser.o -MD -MP -MF .deps/gas-parser.Tpo -c -o gas-parser.o `test -f 'modules/parsers/gas/gas-parser.c' || echo '/home/manoel/Documentos/Faculdade/PCD/parsec-3.0/pkgs/tools/yasm/src/'`modules/parsers/gas/gas-parser.c
mv -f .deps/gas-parser.Tpo .deps/gas-parser.Po
/usr/bin/gcc -DHAVE_CONFIG_H -I. -I/home/manoel/Documentos/Faculdade/PCD/parsec-3.0/pkgs/tools/yasm/src     -O3 -g -funroll-loops -fprefetch-loop-arrays -static-libgcc -Wl,--hash-style=both,--as-needed -DPARSEC_VERSION=3.0-beta-20150206 -MT gas-parse.o -MD -MP -MF .deps/gas-parse.Tpo -c -o gas-parse.o `test -f 'modules/parsers/gas/gas-parse.c' || echo '/home/manoel/Documentos/Faculdade/PCD/parsec-3.0/pkgs/tools/yasm/src/'`modules/parsers/gas/gas-parse.c
mv -f .deps/gas-parse.Tpo .deps/gas-parse.Po
/usr/bin/gcc -DHAVE_CONFIG_H -I. -I/home/manoel/Documentos/Faculdade/PCD/parsec-3.0/pkgs/tools/yasm/src     -O3 -g -funroll-loops -fprefetch-loop-arrays -static-libgcc -Wl,--hash-style=both,--as-needed -DPARSEC_VERSION=3.0-beta-20150206 -MT nasm-parser.o -MD -MP -MF .deps/nasm-parser.Tpo -c -o nasm-parser.o `test -f 'modules/parsers/nasm/nasm-parser.c' || echo '/home/manoel/Documentos/Faculdade/PCD/parsec-3.0/pkgs/tools/yasm/src/'`modules/parsers/nasm/nasm-parser.c
mv -f .deps/nasm-parser.Tpo .deps/nasm-parser.Po
/usr/bin/gcc -DHAVE_CONFIG_H -I. -I/home/manoel/Documentos/Faculdade/PCD/parsec-3.0/pkgs/tools/yasm/src     -O3 -g -funroll-loops -fprefetch-loop-arrays -static-libgcc -Wl,--hash-style=both,--as-needed -DPARSEC_VERSION=3.0-beta-20150206 -MT nasm-parse.o -MD -MP -MF .deps/nasm-parse.Tpo -c -o nasm-parse.o `test -f 'modules/parsers/nasm/nasm-parse.c' || echo '/home/manoel/Documentos/Faculdade/PCD/parsec-3.0/pkgs/tools/yasm/src/'`modules/parsers/nasm/nasm-parse.c
mv -f .deps/nasm-parse.Tpo .deps/nasm-parse.Po
/usr/bin/gcc -DHAVE_CONFIG_H -I. -I/home/manoel/Documentos/Faculdade/PCD/parsec-3.0/pkgs/tools/yasm/src     -O3 -g -funroll-loops -fprefetch-loop-arrays -static-libgcc -Wl,--hash-style=both,--as-needed -DPARSEC_VERSION=3.0-beta-20150206 -MT nasm-preproc.o -MD -MP -MF .deps/nasm-preproc.Tpo -c -o nasm-preproc.o `test -f 'modules/preprocs/nasm/nasm-preproc.c' || echo '/home/manoel/Documentos/Faculdade/PCD/parsec-3.0/pkgs/tools/yasm/src/'`modules/preprocs/nasm/nasm-preproc.c
mv -f .deps/nasm-preproc.Tpo .deps/nasm-preproc.Po
/usr/bin/gcc -DHAVE_CONFIG_H -I. -I/home/manoel/Documentos/Faculdade/PCD/parsec-3.0/pkgs/tools/yasm/src     -O3 -g -funroll-loops -fprefetch-loop-arrays -static-libgcc -Wl,--hash-style=both,--as-needed -DPARSEC_VERSION=3.0-beta-20150206 -MT nasm-pp.o -MD -MP -MF .deps/nasm-pp.Tpo -c -o nasm-pp.o `test -f 'modules/preprocs/nasm/nasm-pp.c' || echo '/home/manoel/Documentos/Faculdade/PCD/parsec-3.0/pkgs/tools/yasm/src/'`modules/preprocs/nasm/nasm-pp.c
mv -f .deps/nasm-pp.Tpo .deps/nasm-pp.Po
/usr/bin/gcc -DHAVE_CONFIG_H -I. -I/home/manoel/Documentos/Faculdade/PCD/parsec-3.0/pkgs/tools/yasm/src     -O3 -g -funroll-loops -fprefetch-loop-arrays -static-libgcc -Wl,--hash-style=both,--as-needed -DPARSEC_VERSION=3.0-beta-20150206 -MT nasmlib.o -MD -MP -MF .deps/nasmlib.Tpo -c -o nasmlib.o `test -f 'modules/preprocs/nasm/nasmlib.c' || echo '/home/manoel/Documentos/Faculdade/PCD/parsec-3.0/pkgs/tools/yasm/src/'`modules/preprocs/nasm/nasmlib.c
mv -f .deps/nasmlib.Tpo .deps/nasmlib.Po
/usr/bin/gcc -DHAVE_CONFIG_H -I. -I/home/manoel/Documentos/Faculdade/PCD/parsec-3.0/pkgs/tools/yasm/src     -O3 -g -funroll-loops -fprefetch-loop-arrays -static-libgcc -Wl,--hash-style=both,--as-needed -DPARSEC_VERSION=3.0-beta-20150206 -MT nasm-eval.o -MD -MP -MF .deps/nasm-eval.Tpo -c -o nasm-eval.o `test -f 'modules/preprocs/nasm/nasm-eval.c' || echo '/home/manoel/Documentos/Faculdade/PCD/parsec-3.0/pkgs/tools/yasm/src/'`modules/preprocs/nasm/nasm-eval.c
mv -f .deps/nasm-eval.Tpo .deps/nasm-eval.Po
/usr/bin/gcc -DHAVE_CONFIG_H -I. -I/home/manoel/Documentos/Faculdade/PCD/parsec-3.0/pkgs/tools/yasm/src     -O3 -g -funroll-loops -fprefetch-loop-arrays -static-libgcc -Wl,--hash-style=both,--as-needed -DPARSEC_VERSION=3.0-beta-20150206 -MT raw-preproc.o -MD -MP -MF .deps/raw-preproc.Tpo -c -o raw-preproc.o `test -f 'modules/preprocs/raw/raw-preproc.c' || echo '/home/manoel/Documentos/Faculdade/PCD/parsec-3.0/pkgs/tools/yasm/src/'`modules/preprocs/raw/raw-preproc.c
mv -f .deps/raw-preproc.Tpo .deps/raw-preproc.Po
/usr/bin/gcc -DHAVE_CONFIG_H -I. -I/home/manoel/Documentos/Faculdade/PCD/parsec-3.0/pkgs/tools/yasm/src     -O3 -g -funroll-loops -fprefetch-loop-arrays -static-libgcc -Wl,--hash-style=both,--as-needed -DPARSEC_VERSION=3.0-beta-20150206 -MT cpp-preproc.o -MD -MP -MF .deps/cpp-preproc.Tpo -c -o cpp-preproc.o `test -f 'modules/preprocs/cpp/cpp-preproc.c' || echo '/home/manoel/Documentos/Faculdade/PCD/parsec-3.0/pkgs/tools/yasm/src/'`modules/preprocs/cpp/cpp-preproc.c
mv -f .deps/cpp-preproc.Tpo .deps/cpp-preproc.Po
/usr/bin/gcc -DHAVE_CONFIG_H -I. -I/home/manoel/Documentos/Faculdade/PCD/parsec-3.0/pkgs/tools/yasm/src     -O3 -g -funroll-loops -fprefetch-loop-arrays -static-libgcc -Wl,--hash-style=both,--as-needed -DPARSEC_VERSION=3.0-beta-20150206 -MT cv-dbgfmt.o -MD -MP -MF .deps/cv-dbgfmt.Tpo -c -o cv-dbgfmt.o `test -f 'modules/dbgfmts/codeview/cv-dbgfmt.c' || echo '/home/manoel/Documentos/Faculdade/PCD/parsec-3.0/pkgs/tools/yasm/src/'`modules/dbgfmts/codeview/cv-dbgfmt.c
mv -f .deps/cv-dbgfmt.Tpo .deps/cv-dbgfmt.Po
/usr/bin/gcc -DHAVE_CONFIG_H -I. -I/home/manoel/Documentos/Faculdade/PCD/parsec-3.0/pkgs/tools/yasm/src     -O3 -g -funroll-loops -fprefetch-loop-arrays -static-libgcc -Wl,--hash-style=both,--as-needed -DPARSEC_VERSION=3.0-beta-20150206 -MT cv-symline.o -MD -MP -MF .deps/cv-symline.Tpo -c -o cv-symline.o `test -f 'modules/dbgfmts/codeview/cv-symline.c' || echo '/home/manoel/Documentos/Faculdade/PCD/parsec-3.0/pkgs/tools/yasm/src/'`modules/dbgfmts/codeview/cv-symline.c
mv -f .deps/cv-symline.Tpo .deps/cv-symline.Po
/usr/bin/gcc -DHAVE_CONFIG_H -I. -I/home/manoel/Documentos/Faculdade/PCD/parsec-3.0/pkgs/tools/yasm/src     -O3 -g -funroll-loops -fprefetch-loop-arrays -static-libgcc -Wl,--hash-style=both,--as-needed -DPARSEC_VERSION=3.0-beta-20150206 -MT cv-type.o -MD -MP -MF .deps/cv-type.Tpo -c -o cv-type.o `test -f 'modules/dbgfmts/codeview/cv-type.c' || echo '/home/manoel/Documentos/Faculdade/PCD/parsec-3.0/pkgs/tools/yasm/src/'`modules/dbgfmts/codeview/cv-type.c
mv -f .deps/cv-type.Tpo .deps/cv-type.Po
/usr/bin/gcc -DHAVE_CONFIG_H -I. -I/home/manoel/Documentos/Faculdade/PCD/parsec-3.0/pkgs/tools/yasm/src     -O3 -g -funroll-loops -fprefetch-loop-arrays -static-libgcc -Wl,--hash-style=both,--as-needed -DPARSEC_VERSION=3.0-beta-20150206 -MT dwarf2-dbgfmt.o -MD -MP -MF .deps/dwarf2-dbgfmt.Tpo -c -o dwarf2-dbgfmt.o `test -f 'modules/dbgfmts/dwarf2/dwarf2-dbgfmt.c' || echo '/home/manoel/Documentos/Faculdade/PCD/parsec-3.0/pkgs/tools/yasm/src/'`modules/dbgfmts/dwarf2/dwarf2-dbgfmt.c
mv -f .deps/dwarf2-dbgfmt.Tpo .deps/dwarf2-dbgfmt.Po
/usr/bin/gcc -DHAVE_CONFIG_H -I. -I/home/manoel/Documentos/Faculdade/PCD/parsec-3.0/pkgs/tools/yasm/src     -O3 -g -funroll-loops -fprefetch-loop-arrays -static-libgcc -Wl,--hash-style=both,--as-needed -DPARSEC_VERSION=3.0-beta-20150206 -MT dwarf2-line.o -MD -MP -MF .deps/dwarf2-line.Tpo -c -o dwarf2-line.o `test -f 'modules/dbgfmts/dwarf2/dwarf2-line.c' || echo '/home/manoel/Documentos/Faculdade/PCD/parsec-3.0/pkgs/tools/yasm/src/'`modules/dbgfmts/dwarf2/dwarf2-line.c
mv -f .deps/dwarf2-line.Tpo .deps/dwarf2-line.Po
/usr/bin/gcc -DHAVE_CONFIG_H -I. -I/home/manoel/Documentos/Faculdade/PCD/parsec-3.0/pkgs/tools/yasm/src     -O3 -g -funroll-loops -fprefetch-loop-arrays -static-libgcc -Wl,--hash-style=both,--as-needed -DPARSEC_VERSION=3.0-beta-20150206 -MT dwarf2-aranges.o -MD -MP -MF .deps/dwarf2-aranges.Tpo -c -o dwarf2-aranges.o `test -f 'modules/dbgfmts/dwarf2/dwarf2-aranges.c' || echo '/home/manoel/Documentos/Faculdade/PCD/parsec-3.0/pkgs/tools/yasm/src/'`modules/dbgfmts/dwarf2/dwarf2-aranges.c
mv -f .deps/dwarf2-aranges.Tpo .deps/dwarf2-aranges.Po
/usr/bin/gcc -DHAVE_CONFIG_H -I. -I/home/manoel/Documentos/Faculdade/PCD/parsec-3.0/pkgs/tools/yasm/src     -O3 -g -funroll-loops -fprefetch-loop-arrays -static-libgcc -Wl,--hash-style=both,--as-needed -DPARSEC_VERSION=3.0-beta-20150206 -MT dwarf2-info.o -MD -MP -MF .deps/dwarf2-info.Tpo -c -o dwarf2-info.o `test -f 'modules/dbgfmts/dwarf2/dwarf2-info.c' || echo '/home/manoel/Documentos/Faculdade/PCD/parsec-3.0/pkgs/tools/yasm/src/'`modules/dbgfmts/dwarf2/dwarf2-info.c
mv -f .deps/dwarf2-info.Tpo .deps/dwarf2-info.Po
/usr/bin/gcc -DHAVE_CONFIG_H -I. -I/home/manoel/Documentos/Faculdade/PCD/parsec-3.0/pkgs/tools/yasm/src     -O3 -g -funroll-loops -fprefetch-loop-arrays -static-libgcc -Wl,--hash-style=both,--as-needed -DPARSEC_VERSION=3.0-beta-20150206 -MT null-dbgfmt.o -MD -MP -MF .deps/null-dbgfmt.Tpo -c -o null-dbgfmt.o `test -f 'modules/dbgfmts/null/null-dbgfmt.c' || echo '/home/manoel/Documentos/Faculdade/PCD/parsec-3.0/pkgs/tools/yasm/src/'`modules/dbgfmts/null/null-dbgfmt.c
mv -f .deps/null-dbgfmt.Tpo .deps/null-dbgfmt.Po
/usr/bin/gcc -DHAVE_CONFIG_H -I. -I/home/manoel/Documentos/Faculdade/PCD/parsec-3.0/pkgs/tools/yasm/src     -O3 -g -funroll-loops -fprefetch-loop-arrays -static-libgcc -Wl,--hash-style=both,--as-needed -DPARSEC_VERSION=3.0-beta-20150206 -MT stabs-dbgfmt.o -MD -MP -MF .deps/stabs-dbgfmt.Tpo -c -o stabs-dbgfmt.o `test -f 'modules/dbgfmts/stabs/stabs-dbgfmt.c' || echo '/home/manoel/Documentos/Faculdade/PCD/parsec-3.0/pkgs/tools/yasm/src/'`modules/dbgfmts/stabs/stabs-dbgfmt.c
mv -f .deps/stabs-dbgfmt.Tpo .deps/stabs-dbgfmt.Po
/usr/bin/gcc -DHAVE_CONFIG_H -I. -I/home/manoel/Documentos/Faculdade/PCD/parsec-3.0/pkgs/tools/yasm/src     -O3 -g -funroll-loops -fprefetch-loop-arrays -static-libgcc -Wl,--hash-style=both,--as-needed -DPARSEC_VERSION=3.0-beta-20150206 -MT dbg-objfmt.o -MD -MP -MF .deps/dbg-objfmt.Tpo -c -o dbg-objfmt.o `test -f 'modules/objfmts/dbg/dbg-objfmt.c' || echo '/home/manoel/Documentos/Faculdade/PCD/parsec-3.0/pkgs/tools/yasm/src/'`modules/objfmts/dbg/dbg-objfmt.c
mv -f .deps/dbg-objfmt.Tpo .deps/dbg-objfmt.Po
/usr/bin/gcc -DHAVE_CONFIG_H -I. -I/home/manoel/Documentos/Faculdade/PCD/parsec-3.0/pkgs/tools/yasm/src     -O3 -g -funroll-loops -fprefetch-loop-arrays -static-libgcc -Wl,--hash-style=both,--as-needed -DPARSEC_VERSION=3.0-beta-20150206 -MT bin-objfmt.o -MD -MP -MF .deps/bin-objfmt.Tpo -c -o bin-objfmt.o `test -f 'modules/objfmts/bin/bin-objfmt.c' || echo '/home/manoel/Documentos/Faculdade/PCD/parsec-3.0/pkgs/tools/yasm/src/'`modules/objfmts/bin/bin-objfmt.c
mv -f .deps/bin-objfmt.Tpo .deps/bin-objfmt.Po
/usr/bin/gcc -DHAVE_CONFIG_H -I. -I/home/manoel/Documentos/Faculdade/PCD/parsec-3.0/pkgs/tools/yasm/src     -O3 -g -funroll-loops -fprefetch-loop-arrays -static-libgcc -Wl,--hash-style=both,--as-needed -DPARSEC_VERSION=3.0-beta-20150206 -MT elf.o -MD -MP -MF .deps/elf.Tpo -c -o elf.o `test -f 'modules/objfmts/elf/elf.c' || echo '/home/manoel/Documentos/Faculdade/PCD/parsec-3.0/pkgs/tools/yasm/src/'`modules/objfmts/elf/elf.c
mv -f .deps/elf.Tpo .deps/elf.Po
/usr/bin/gcc -DHAVE_CONFIG_H -I. -I/home/manoel/Documentos/Faculdade/PCD/parsec-3.0/pkgs/tools/yasm/src     -O3 -g -funroll-loops -fprefetch-loop-arrays -static-libgcc -Wl,--hash-style=both,--as-needed -DPARSEC_VERSION=3.0-beta-20150206 -MT elf-objfmt.o -MD -MP -MF .deps/elf-objfmt.Tpo -c -o elf-objfmt.o `test -f 'modules/objfmts/elf/elf-objfmt.c' || echo '/home/manoel/Documentos/Faculdade/PCD/parsec-3.0/pkgs/tools/yasm/src/'`modules/objfmts/elf/elf-objfmt.c
mv -f .deps/elf-objfmt.Tpo .deps/elf-objfmt.Po
/usr/bin/gcc -DHAVE_CONFIG_H -I. -I/home/manoel/Documentos/Faculdade/PCD/parsec-3.0/pkgs/tools/yasm/src     -O3 -g -funroll-loops -fprefetch-loop-arrays -static-libgcc -Wl,--hash-style=both,--as-needed -DPARSEC_VERSION=3.0-beta-20150206 -MT elf-x86-x86.o -MD -MP -MF .deps/elf-x86-x86.Tpo -c -o elf-x86-x86.o `test -f 'modules/objfmts/elf/elf-x86-x86.c' || echo '/home/manoel/Documentos/Faculdade/PCD/parsec-3.0/pkgs/tools/yasm/src/'`modules/objfmts/elf/elf-x86-x86.c
mv -f .deps/elf-x86-x86.Tpo .deps/elf-x86-x86.Po
/usr/bin/gcc -DHAVE_CONFIG_H -I. -I/home/manoel/Documentos/Faculdade/PCD/parsec-3.0/pkgs/tools/yasm/src     -O3 -g -funroll-loops -fprefetch-loop-arrays -static-libgcc -Wl,--hash-style=both,--as-needed -DPARSEC_VERSION=3.0-beta-20150206 -MT elf-x86-amd64.o -MD -MP -MF .deps/elf-x86-amd64.Tpo -c -o elf-x86-amd64.o `test -f 'modules/objfmts/elf/elf-x86-amd64.c' || echo '/home/manoel/Documentos/Faculdade/PCD/parsec-3.0/pkgs/tools/yasm/src/'`modules/objfmts/elf/elf-x86-amd64.c
mv -f .deps/elf-x86-amd64.Tpo .deps/elf-x86-amd64.Po
/usr/bin/gcc -DHAVE_CONFIG_H -I. -I/home/manoel/Documentos/Faculdade/PCD/parsec-3.0/pkgs/tools/yasm/src     -O3 -g -funroll-loops -fprefetch-loop-arrays -static-libgcc -Wl,--hash-style=both,--as-needed -DPARSEC_VERSION=3.0-beta-20150206 -MT coff-objfmt.o -MD -MP -MF .deps/coff-objfmt.Tpo -c -o coff-objfmt.o `test -f 'modules/objfmts/coff/coff-objfmt.c' || echo '/home/manoel/Documentos/Faculdade/PCD/parsec-3.0/pkgs/tools/yasm/src/'`modules/objfmts/coff/coff-objfmt.c
mv -f .deps/coff-objfmt.Tpo .deps/coff-objfmt.Po
/usr/bin/gcc -DHAVE_CONFIG_H -I. -I/home/manoel/Documentos/Faculdade/PCD/parsec-3.0/pkgs/tools/yasm/src     -O3 -g -funroll-loops -fprefetch-loop-arrays -static-libgcc -Wl,--hash-style=both,--as-needed -DPARSEC_VERSION=3.0-beta-20150206 -MT win64-except.o -MD -MP -MF .deps/win64-except.Tpo -c -o win64-except.o `test -f 'modules/objfmts/coff/win64-except.c' || echo '/home/manoel/Documentos/Faculdade/PCD/parsec-3.0/pkgs/tools/yasm/src/'`modules/objfmts/coff/win64-except.c
mv -f .deps/win64-except.Tpo .deps/win64-except.Po
/usr/bin/gcc -DHAVE_CONFIG_H -I. -I/home/manoel/Documentos/Faculdade/PCD/parsec-3.0/pkgs/tools/yasm/src     -O3 -g -funroll-loops -fprefetch-loop-arrays -static-libgcc -Wl,--hash-style=both,--as-needed -DPARSEC_VERSION=3.0-beta-20150206 -MT macho-objfmt.o -MD -MP -MF .deps/macho-objfmt.Tpo -c -o macho-objfmt.o `test -f 'modules/objfmts/macho/macho-objfmt.c' || echo '/home/manoel/Documentos/Faculdade/PCD/parsec-3.0/pkgs/tools/yasm/src/'`modules/objfmts/macho/macho-objfmt.c
mv -f .deps/macho-objfmt.Tpo .deps/macho-objfmt.Po
/usr/bin/gcc -DHAVE_CONFIG_H -I. -I/home/manoel/Documentos/Faculdade/PCD/parsec-3.0/pkgs/tools/yasm/src     -O3 -g -funroll-loops -fprefetch-loop-arrays -static-libgcc -Wl,--hash-style=both,--as-needed -DPARSEC_VERSION=3.0-beta-20150206 -MT rdf-objfmt.o -MD -MP -MF .deps/rdf-objfmt.Tpo -c -o rdf-objfmt.o `test -f 'modules/objfmts/rdf/rdf-objfmt.c' || echo '/home/manoel/Documentos/Faculdade/PCD/parsec-3.0/pkgs/tools/yasm/src/'`modules/objfmts/rdf/rdf-objfmt.c
mv -f .deps/rdf-objfmt.Tpo .deps/rdf-objfmt.Po
/usr/bin/gcc -DHAVE_CONFIG_H -I. -I/home/manoel/Documentos/Faculdade/PCD/parsec-3.0/pkgs/tools/yasm/src     -O3 -g -funroll-loops -fprefetch-loop-arrays -static-libgcc -Wl,--hash-style=both,--as-needed -DPARSEC_VERSION=3.0-beta-20150206 -MT xdf-objfmt.o -MD -MP -MF .deps/xdf-objfmt.Tpo -c -o xdf-objfmt.o `test -f 'modules/objfmts/xdf/xdf-objfmt.c' || echo '/home/manoel/Documentos/Faculdade/PCD/parsec-3.0/pkgs/tools/yasm/src/'`modules/objfmts/xdf/xdf-objfmt.c
mv -f .deps/xdf-objfmt.Tpo .deps/xdf-objfmt.Po
/usr/bin/gcc -DHAVE_CONFIG_H -I. -I/home/manoel/Documentos/Faculdade/PCD/parsec-3.0/pkgs/tools/yasm/src     -O3 -g -funroll-loops -fprefetch-loop-arrays -static-libgcc -Wl,--hash-style=both,--as-needed -DPARSEC_VERSION=3.0-beta-20150206 -MT assocdat.o -MD -MP -MF .deps/assocdat.Tpo -c -o assocdat.o `test -f 'libyasm/assocdat.c' || echo '/home/manoel/Documentos/Faculdade/PCD/parsec-3.0/pkgs/tools/yasm/src/'`libyasm/assocdat.c
mv -f .deps/assocdat.Tpo .deps/assocdat.Po
/usr/bin/gcc -DHAVE_CONFIG_H -I. -I/home/manoel/Documentos/Faculdade/PCD/parsec-3.0/pkgs/tools/yasm/src     -O3 -g -funroll-loops -fprefetch-loop-arrays -static-libgcc -Wl,--hash-style=both,--as-needed -DPARSEC_VERSION=3.0-beta-20150206 -MT bitvect.o -MD -MP -MF .deps/bitvect.Tpo -c -o bitvect.o `test -f 'libyasm/bitvect.c' || echo '/home/manoel/Documentos/Faculdade/PCD/parsec-3.0/pkgs/tools/yasm/src/'`libyasm/bitvect.c
mv -f .deps/bitvect.Tpo .deps/bitvect.Po
/usr/bin/gcc -DHAVE_CONFIG_H -I. -I/home/manoel/Documentos/Faculdade/PCD/parsec-3.0/pkgs/tools/yasm/src     -O3 -g -funroll-loops -fprefetch-loop-arrays -static-libgcc -Wl,--hash-style=both,--as-needed -DPARSEC_VERSION=3.0-beta-20150206 -MT bc-align.o -MD -MP -MF .deps/bc-align.Tpo -c -o bc-align.o `test -f 'libyasm/bc-align.c' || echo '/home/manoel/Documentos/Faculdade/PCD/parsec-3.0/pkgs/tools/yasm/src/'`libyasm/bc-align.c
mv -f .deps/bc-align.Tpo .deps/bc-align.Po
/usr/bin/gcc -DHAVE_CONFIG_H -I. -I/home/manoel/Documentos/Faculdade/PCD/parsec-3.0/pkgs/tools/yasm/src     -O3 -g -funroll-loops -fprefetch-loop-arrays -static-libgcc -Wl,--hash-style=both,--as-needed -DPARSEC_VERSION=3.0-beta-20150206 -MT bc-data.o -MD -MP -MF .deps/bc-data.Tpo -c -o bc-data.o `test -f 'libyasm/bc-data.c' || echo '/home/manoel/Documentos/Faculdade/PCD/parsec-3.0/pkgs/tools/yasm/src/'`libyasm/bc-data.c
mv -f .deps/bc-data.Tpo .deps/bc-data.Po
/usr/bin/gcc -DHAVE_CONFIG_H -I. -I/home/manoel/Documentos/Faculdade/PCD/parsec-3.0/pkgs/tools/yasm/src     -O3 -g -funroll-loops -fprefetch-loop-arrays -static-libgcc -Wl,--hash-style=both,--as-needed -DPARSEC_VERSION=3.0-beta-20150206 -MT bc-incbin.o -MD -MP -MF .deps/bc-incbin.Tpo -c -o bc-incbin.o `test -f 'libyasm/bc-incbin.c' || echo '/home/manoel/Documentos/Faculdade/PCD/parsec-3.0/pkgs/tools/yasm/src/'`libyasm/bc-incbin.c
mv -f .deps/bc-incbin.Tpo .deps/bc-incbin.Po
/usr/bin/gcc -DHAVE_CONFIG_H -I. -I/home/manoel/Documentos/Faculdade/PCD/parsec-3.0/pkgs/tools/yasm/src     -O3 -g -funroll-loops -fprefetch-loop-arrays -static-libgcc -Wl,--hash-style=both,--as-needed -DPARSEC_VERSION=3.0-beta-20150206 -MT bc-org.o -MD -MP -MF .deps/bc-org.Tpo -c -o bc-org.o `test -f 'libyasm/bc-org.c' || echo '/home/manoel/Documentos/Faculdade/PCD/parsec-3.0/pkgs/tools/yasm/src/'`libyasm/bc-org.c
mv -f .deps/bc-org.Tpo .deps/bc-org.Po
/usr/bin/gcc -DHAVE_CONFIG_H -I. -I/home/manoel/Documentos/Faculdade/PCD/parsec-3.0/pkgs/tools/yasm/src     -O3 -g -funroll-loops -fprefetch-loop-arrays -static-libgcc -Wl,--hash-style=both,--as-needed -DPARSEC_VERSION=3.0-beta-20150206 -MT bc-reserve.o -MD -MP -MF .deps/bc-reserve.Tpo -c -o bc-reserve.o `test -f 'libyasm/bc-reserve.c' || echo '/home/manoel/Documentos/Faculdade/PCD/parsec-3.0/pkgs/tools/yasm/src/'`libyasm/bc-reserve.c
mv -f .deps/bc-reserve.Tpo .deps/bc-reserve.Po
/usr/bin/gcc -DHAVE_CONFIG_H -I. -I/home/manoel/Documentos/Faculdade/PCD/parsec-3.0/pkgs/tools/yasm/src     -O3 -g -funroll-loops -fprefetch-loop-arrays -static-libgcc -Wl,--hash-style=both,--as-needed -DPARSEC_VERSION=3.0-beta-20150206 -MT bytecode.o -MD -MP -MF .deps/bytecode.Tpo -c -o bytecode.o `test -f 'libyasm/bytecode.c' || echo '/home/manoel/Documentos/Faculdade/PCD/parsec-3.0/pkgs/tools/yasm/src/'`libyasm/bytecode.c
mv -f .deps/bytecode.Tpo .deps/bytecode.Po
/usr/bin/gcc -DHAVE_CONFIG_H -I. -I/home/manoel/Documentos/Faculdade/PCD/parsec-3.0/pkgs/tools/yasm/src     -O3 -g -funroll-loops -fprefetch-loop-arrays -static-libgcc -Wl,--hash-style=both,--as-needed -DPARSEC_VERSION=3.0-beta-20150206 -MT errwarn.o -MD -MP -MF .deps/errwarn.Tpo -c -o errwarn.o `test -f 'libyasm/errwarn.c' || echo '/home/manoel/Documentos/Faculdade/PCD/parsec-3.0/pkgs/tools/yasm/src/'`libyasm/errwarn.c
mv -f .deps/errwarn.Tpo .deps/errwarn.Po
/usr/bin/gcc -DHAVE_CONFIG_H -I. -I/home/manoel/Documentos/Faculdade/PCD/parsec-3.0/pkgs/tools/yasm/src     -O3 -g -funroll-loops -fprefetch-loop-arrays -static-libgcc -Wl,--hash-style=both,--as-needed -DPARSEC_VERSION=3.0-beta-20150206 -MT expr.o -MD -MP -MF .deps/expr.Tpo -c -o expr.o `test -f 'libyasm/expr.c' || echo '/home/manoel/Documentos/Faculdade/PCD/parsec-3.0/pkgs/tools/yasm/src/'`libyasm/expr.c
mv -f .deps/expr.Tpo .deps/expr.Po
/usr/bin/gcc -DHAVE_CONFIG_H -I. -I/home/manoel/Documentos/Faculdade/PCD/parsec-3.0/pkgs/tools/yasm/src     -O3 -g -funroll-loops -fprefetch-loop-arrays -static-libgcc -Wl,--hash-style=both,--as-needed -DPARSEC_VERSION=3.0-beta-20150206 -MT file.o -MD -MP -MF .deps/file.Tpo -c -o file.o `test -f 'libyasm/file.c' || echo '/home/manoel/Documentos/Faculdade/PCD/parsec-3.0/pkgs/tools/yasm/src/'`libyasm/file.c
mv -f .deps/file.Tpo .deps/file.Po
/usr/bin/gcc -DHAVE_CONFIG_H -I. -I/home/manoel/Documentos/Faculdade/PCD/parsec-3.0/pkgs/tools/yasm/src     -O3 -g -funroll-loops -fprefetch-loop-arrays -static-libgcc -Wl,--hash-style=both,--as-needed -DPARSEC_VERSION=3.0-beta-20150206 -MT floatnum.o -MD -MP -MF .deps/floatnum.Tpo -c -o floatnum.o `test -f 'libyasm/floatnum.c' || echo '/home/manoel/Documentos/Faculdade/PCD/parsec-3.0/pkgs/tools/yasm/src/'`libyasm/floatnum.c
mv -f .deps/floatnum.Tpo .deps/floatnum.Po
/usr/bin/gcc -DHAVE_CONFIG_H -I. -I/home/manoel/Documentos/Faculdade/PCD/parsec-3.0/pkgs/tools/yasm/src     -O3 -g -funroll-loops -fprefetch-loop-arrays -static-libgcc -Wl,--hash-style=both,--as-needed -DPARSEC_VERSION=3.0-beta-20150206 -MT hamt.o -MD -MP -MF .deps/hamt.Tpo -c -o hamt.o `test -f 'libyasm/hamt.c' || echo '/home/manoel/Documentos/Faculdade/PCD/parsec-3.0/pkgs/tools/yasm/src/'`libyasm/hamt.c
mv -f .deps/hamt.Tpo .deps/hamt.Po
/usr/bin/gcc -DHAVE_CONFIG_H -I. -I/home/manoel/Documentos/Faculdade/PCD/parsec-3.0/pkgs/tools/yasm/src     -O3 -g -funroll-loops -fprefetch-loop-arrays -static-libgcc -Wl,--hash-style=both,--as-needed -DPARSEC_VERSION=3.0-beta-20150206 -MT insn.o -MD -MP -MF .deps/insn.Tpo -c -o insn.o `test -f 'libyasm/insn.c' || echo '/home/manoel/Documentos/Faculdade/PCD/parsec-3.0/pkgs/tools/yasm/src/'`libyasm/insn.c
mv -f .deps/insn.Tpo .deps/insn.Po
/usr/bin/gcc -DHAVE_CONFIG_H -I. -I/home/manoel/Documentos/Faculdade/PCD/parsec-3.0/pkgs/tools/yasm/src     -O3 -g -funroll-loops -fprefetch-loop-arrays -static-libgcc -Wl,--hash-style=both,--as-needed -DPARSEC_VERSION=3.0-beta-20150206 -MT intnum.o -MD -MP -MF .deps/intnum.Tpo -c -o intnum.o `test -f 'libyasm/intnum.c' || echo '/home/manoel/Documentos/Faculdade/PCD/parsec-3.0/pkgs/tools/yasm/src/'`libyasm/intnum.c
mv -f .deps/intnum.Tpo .deps/intnum.Po
/usr/bin/gcc -DHAVE_CONFIG_H -I. -I/home/manoel/Documentos/Faculdade/PCD/parsec-3.0/pkgs/tools/yasm/src     -O3 -g -funroll-loops -fprefetch-loop-arrays -static-libgcc -Wl,--hash-style=both,--as-needed -DPARSEC_VERSION=3.0-beta-20150206 -MT inttree.o -MD -MP -MF .deps/inttree.Tpo -c -o inttree.o `test -f 'libyasm/inttree.c' || echo '/home/manoel/Documentos/Faculdade/PCD/parsec-3.0/pkgs/tools/yasm/src/'`libyasm/inttree.c
mv -f .deps/inttree.Tpo .deps/inttree.Po
/usr/bin/gcc -DHAVE_CONFIG_H -I. -I/home/manoel/Documentos/Faculdade/PCD/parsec-3.0/pkgs/tools/yasm/src     -O3 -g -funroll-loops -fprefetch-loop-arrays -static-libgcc -Wl,--hash-style=both,--as-needed -DPARSEC_VERSION=3.0-beta-20150206 -MT linemap.o -MD -MP -MF .deps/linemap.Tpo -c -o linemap.o `test -f 'libyasm/linemap.c' || echo '/home/manoel/Documentos/Faculdade/PCD/parsec-3.0/pkgs/tools/yasm/src/'`libyasm/linemap.c
mv -f .deps/linemap.Tpo .deps/linemap.Po
/usr/bin/gcc -DHAVE_CONFIG_H -I. -I/home/manoel/Documentos/Faculdade/PCD/parsec-3.0/pkgs/tools/yasm/src     -O3 -g -funroll-loops -fprefetch-loop-arrays -static-libgcc -Wl,--hash-style=both,--as-needed -DPARSEC_VERSION=3.0-beta-20150206 -MT md5.o -MD -MP -MF .deps/md5.Tpo -c -o md5.o `test -f 'libyasm/md5.c' || echo '/home/manoel/Documentos/Faculdade/PCD/parsec-3.0/pkgs/tools/yasm/src/'`libyasm/md5.c
mv -f .deps/md5.Tpo .deps/md5.Po
/usr/bin/gcc -DHAVE_CONFIG_H -I. -I/home/manoel/Documentos/Faculdade/PCD/parsec-3.0/pkgs/tools/yasm/src     -O3 -g -funroll-loops -fprefetch-loop-arrays -static-libgcc -Wl,--hash-style=both,--as-needed -DPARSEC_VERSION=3.0-beta-20150206 -MT mergesort.o -MD -MP -MF .deps/mergesort.Tpo -c -o mergesort.o `test -f 'libyasm/mergesort.c' || echo '/home/manoel/Documentos/Faculdade/PCD/parsec-3.0/pkgs/tools/yasm/src/'`libyasm/mergesort.c
mv -f .deps/mergesort.Tpo .deps/mergesort.Po
/usr/bin/gcc -DHAVE_CONFIG_H -I. -I/home/manoel/Documentos/Faculdade/PCD/parsec-3.0/pkgs/tools/yasm/src     -O3 -g -funroll-loops -fprefetch-loop-arrays -static-libgcc -Wl,--hash-style=both,--as-needed -DPARSEC_VERSION=3.0-beta-20150206 -MT phash.o -MD -MP -MF .deps/phash.Tpo -c -o phash.o `test -f 'libyasm/phash.c' || echo '/home/manoel/Documentos/Faculdade/PCD/parsec-3.0/pkgs/tools/yasm/src/'`libyasm/phash.c
mv -f .deps/phash.Tpo .deps/phash.Po
/usr/bin/gcc -DHAVE_CONFIG_H -I. -I/home/manoel/Documentos/Faculdade/PCD/parsec-3.0/pkgs/tools/yasm/src     -O3 -g -funroll-loops -fprefetch-loop-arrays -static-libgcc -Wl,--hash-style=both,--as-needed -DPARSEC_VERSION=3.0-beta-20150206 -MT section.o -MD -MP -MF .deps/section.Tpo -c -o section.o `test -f 'libyasm/section.c' || echo '/home/manoel/Documentos/Faculdade/PCD/parsec-3.0/pkgs/tools/yasm/src/'`libyasm/section.c
mv -f .deps/section.Tpo .deps/section.Po
/usr/bin/gcc -DHAVE_CONFIG_H -I. -I/home/manoel/Documentos/Faculdade/PCD/parsec-3.0/pkgs/tools/yasm/src     -O3 -g -funroll-loops -fprefetch-loop-arrays -static-libgcc -Wl,--hash-style=both,--as-needed -DPARSEC_VERSION=3.0-beta-20150206 -MT strcasecmp.o -MD -MP -MF .deps/strcasecmp.Tpo -c -o strcasecmp.o `test -f 'libyasm/strcasecmp.c' || echo '/home/manoel/Documentos/Faculdade/PCD/parsec-3.0/pkgs/tools/yasm/src/'`libyasm/strcasecmp.c
mv -f .deps/strcasecmp.Tpo .deps/strcasecmp.Po
/usr/bin/gcc -DHAVE_CONFIG_H -I. -I/home/manoel/Documentos/Faculdade/PCD/parsec-3.0/pkgs/tools/yasm/src     -O3 -g -funroll-loops -fprefetch-loop-arrays -static-libgcc -Wl,--hash-style=both,--as-needed -DPARSEC_VERSION=3.0-beta-20150206 -MT strsep.o -MD -MP -MF .deps/strsep.Tpo -c -o strsep.o `test -f 'libyasm/strsep.c' || echo '/home/manoel/Documentos/Faculdade/PCD/parsec-3.0/pkgs/tools/yasm/src/'`libyasm/strsep.c
mv -f .deps/strsep.Tpo .deps/strsep.Po
/usr/bin/gcc -DHAVE_CONFIG_H -I. -I/home/manoel/Documentos/Faculdade/PCD/parsec-3.0/pkgs/tools/yasm/src     -O3 -g -funroll-loops -fprefetch-loop-arrays -static-libgcc -Wl,--hash-style=both,--as-needed -DPARSEC_VERSION=3.0-beta-20150206 -MT symrec.o -MD -MP -MF .deps/symrec.Tpo -c -o symrec.o `test -f 'libyasm/symrec.c' || echo '/home/manoel/Documentos/Faculdade/PCD/parsec-3.0/pkgs/tools/yasm/src/'`libyasm/symrec.c
mv -f .deps/symrec.Tpo .deps/symrec.Po
/usr/bin/gcc -DHAVE_CONFIG_H -I. -I/home/manoel/Documentos/Faculdade/PCD/parsec-3.0/pkgs/tools/yasm/src     -O3 -g -funroll-loops -fprefetch-loop-arrays -static-libgcc -Wl,--hash-style=both,--as-needed -DPARSEC_VERSION=3.0-beta-20150206 -MT valparam.o -MD -MP -MF .deps/valparam.Tpo -c -o valparam.o `test -f 'libyasm/valparam.c' || echo '/home/manoel/Documentos/Faculdade/PCD/parsec-3.0/pkgs/tools/yasm/src/'`libyasm/valparam.c
mv -f .deps/valparam.Tpo .deps/valparam.Po
/usr/bin/gcc -DHAVE_CONFIG_H -I. -I/home/manoel/Documentos/Faculdade/PCD/parsec-3.0/pkgs/tools/yasm/src     -O3 -g -funroll-loops -fprefetch-loop-arrays -static-libgcc -Wl,--hash-style=both,--as-needed -DPARSEC_VERSION=3.0-beta-20150206 -MT value.o -MD -MP -MF .deps/value.Tpo -c -o value.o `test -f 'libyasm/value.c' || echo '/home/manoel/Documentos/Faculdade/PCD/parsec-3.0/pkgs/tools/yasm/src/'`libyasm/value.c
mv -f .deps/value.Tpo .deps/value.Po
/usr/bin/gcc -DHAVE_CONFIG_H -I. -I/home/manoel/Documentos/Faculdade/PCD/parsec-3.0/pkgs/tools/yasm/src     -O3 -g -funroll-loops -fprefetch-loop-arrays -static-libgcc -Wl,--hash-style=both,--as-needed -DPARSEC_VERSION=3.0-beta-20150206 -MT xmalloc.o -MD -MP -MF .deps/xmalloc.Tpo -c -o xmalloc.o `test -f 'libyasm/xmalloc.c' || echo '/home/manoel/Documentos/Faculdade/PCD/parsec-3.0/pkgs/tools/yasm/src/'`libyasm/xmalloc.c
mv -f .deps/xmalloc.Tpo .deps/xmalloc.Po
/usr/bin/gcc -DHAVE_CONFIG_H -I. -I/home/manoel/Documentos/Faculdade/PCD/parsec-3.0/pkgs/tools/yasm/src     -O3 -g -funroll-loops -fprefetch-loop-arrays -static-libgcc -Wl,--hash-style=both,--as-needed -DPARSEC_VERSION=3.0-beta-20150206 -MT xstrdup.o -MD -MP -MF .deps/xstrdup.Tpo -c -o xstrdup.o `test -f 'libyasm/xstrdup.c' || echo '/home/manoel/Documentos/Faculdade/PCD/parsec-3.0/pkgs/tools/yasm/src/'`libyasm/xstrdup.c
mv -f .deps/xstrdup.Tpo .deps/xstrdup.Po
/usr/bin/gcc -DHAVE_CONFIG_H -I. -I/home/manoel/Documentos/Faculdade/PCD/parsec-3.0/pkgs/tools/yasm/src     -O3 -g -funroll-loops -fprefetch-loop-arrays -static-libgcc -Wl,--hash-style=both,--as-needed -DPARSEC_VERSION=3.0-beta-20150206 -MT module.o -MD -MP -MF .deps/module.Tpo -c -o module.o module.c
mv -f .deps/module.Tpo .deps/module.Po
/usr/bin/gcc -DHAVE_CONFIG_H -I. -I/home/manoel/Documentos/Faculdade/PCD/parsec-3.0/pkgs/tools/yasm/src     -O3 -g -funroll-loops -fprefetch-loop-arrays -static-libgcc -Wl,--hash-style=both,--as-needed -DPARSEC_VERSION=3.0-beta-20150206 -MT gas-token.o -MD -MP -MF .deps/gas-token.Tpo -c -o gas-token.o gas-token.c
mv -f .deps/gas-token.Tpo .deps/gas-token.Po
/usr/bin/gcc -DHAVE_CONFIG_H -I. -I/home/manoel/Documentos/Faculdade/PCD/parsec-3.0/pkgs/tools/yasm/src     -O3 -g -funroll-loops -fprefetch-loop-arrays -static-libgcc -Wl,--hash-style=both,--as-needed -DPARSEC_VERSION=3.0-beta-20150206 -MT nasm-token.o -MD -MP -MF .deps/nasm-token.Tpo -c -o nasm-token.o nasm-token.c
mv -f .deps/nasm-token.Tpo .deps/nasm-token.Po
rm -f libyasm.a
/usr/bin/ar cru libyasm.a x86arch.o x86bc.o x86expr.o x86id.o x86cpu.o x86regtmod.o lc3barch.o lc3bbc.o lc3bid.o nasm-listfmt.o gas-parser.o gas-parse.o nasm-parser.o nasm-parse.o nasm-preproc.o nasm-pp.o nasmlib.o nasm-eval.o raw-preproc.o cpp-preproc.o cv-dbgfmt.o cv-symline.o cv-type.o dwarf2-dbgfmt.o dwarf2-line.o dwarf2-aranges.o dwarf2-info.o null-dbgfmt.o stabs-dbgfmt.o dbg-objfmt.o bin-objfmt.o elf.o elf-objfmt.o elf-x86-x86.o elf-x86-amd64.o coff-objfmt.o win64-except.o macho-objfmt.o rdf-objfmt.o xdf-objfmt.o assocdat.o bitvect.o bc-align.o bc-data.o bc-incbin.o bc-org.o bc-reserve.o bytecode.o errwarn.o expr.o file.o floatnum.o hamt.o insn.o intnum.o inttree.o linemap.o md5.o mergesort.o phash.o section.o strcasecmp.o strsep.o symrec.o valparam.o value.o xmalloc.o xstrdup.o module.o gas-token.o nasm-token.o 
/usr/bin/ranlib libyasm.a
/usr/bin/gcc -DHAVE_CONFIG_H -I. -I/home/manoel/Documentos/Faculdade/PCD/parsec-3.0/pkgs/tools/yasm/src     -O3 -g -funroll-loops -fprefetch-loop-arrays -static-libgcc -Wl,--hash-style=both,--as-needed -DPARSEC_VERSION=3.0-beta-20150206 -MT yasm.o -MD -MP -MF .deps/yasm.Tpo -c -o yasm.o `test -f 'frontends/yasm/yasm.c' || echo '/home/manoel/Documentos/Faculdade/PCD/parsec-3.0/pkgs/tools/yasm/src/'`frontends/yasm/yasm.c
mv -f .deps/yasm.Tpo .deps/yasm.Po
/usr/bin/gcc -DHAVE_CONFIG_H -I. -I/home/manoel/Documentos/Faculdade/PCD/parsec-3.0/pkgs/tools/yasm/src     -O3 -g -funroll-loops -fprefetch-loop-arrays -static-libgcc -Wl,--hash-style=both,--as-needed -DPARSEC_VERSION=3.0-beta-20150206 -MT yasm-options.o -MD -MP -MF .deps/yasm-options.Tpo -c -o yasm-options.o `test -f 'frontends/yasm/yasm-options.c' || echo '/home/manoel/Documentos/Faculdade/PCD/parsec-3.0/pkgs/tools/yasm/src/'`frontends/yasm/yasm-options.c
mv -f .deps/yasm-options.Tpo .deps/yasm-options.Po
/usr/bin/gcc  -O3 -g -funroll-loops -fprefetch-loop-arrays -static-libgcc -Wl,--hash-style=both,--as-needed -DPARSEC_VERSION=3.0-beta-20150206  -L/usr/lib64 -L/usr/lib -o yasm yasm.o yasm-options.o libyasm.a  -L/usr/lib64 -L/usr/lib 
make[2]: Leaving directory '/home/manoel/Documentos/Faculdade/PCD/parsec-3.0/pkgs/tools/yasm/obj/amd64-linux.gcc'
make[1]: Leaving directory '/home/manoel/Documentos/Faculdade/PCD/parsec-3.0/pkgs/tools/yasm/obj/amd64-linux.gcc'
[PARSEC] Running 'env LIBS=-L/usr/lib64 -L/usr/lib  /usr/bin/make install':
/usr/bin/make  install-recursive
make[1]: Entering directory '/home/manoel/Documentos/Faculdade/PCD/parsec-3.0/pkgs/tools/yasm/obj/amd64-linux.gcc'
Making install in po
make[2]: Entering directory '/home/manoel/Documentos/Faculdade/PCD/parsec-3.0/pkgs/tools/yasm/obj/amd64-linux.gcc/po'
/bin/mkdir -p /home/manoel/Documentos/Faculdade/PCD/parsec-3.0/pkgs/tools/yasm/inst/amd64-linux.gcc/share
if test "yasm" = "gettext-tools"; then \
  /bin/mkdir -p /home/manoel/Documentos/Faculdade/PCD/parsec-3.0/pkgs/tools/yasm/inst/amd64-linux.gcc/share/gettext/po; \
  for file in Makefile.in.in remove-potcdate.sin quot.sed boldquot.sed en@quot.header en@boldquot.header insert-header.sin Rules-quot   Makevars.template; do \
    /home/manoel/Documentos/Faculdade/PCD/parsec-3.0/bin/install -c -m 644 /home/manoel/Documentos/Faculdade/PCD/parsec-3.0/pkgs/tools/yasm/src/po/$file \
		    /home/manoel/Documentos/Faculdade/PCD/parsec-3.0/pkgs/tools/yasm/inst/amd64-linux.gcc/share/gettext/po/$file; \
  done; \
  for file in Makevars; do \
    rm -f /home/manoel/Documentos/Faculdade/PCD/parsec-3.0/pkgs/tools/yasm/inst/amd64-linux.gcc/share/gettext/po/$file; \
  done; \
else \
  : ; \
fi
make[2]: Leaving directory '/home/manoel/Documentos/Faculdade/PCD/parsec-3.0/pkgs/tools/yasm/obj/amd64-linux.gcc/po'
Making install in .
make[2]: Entering directory '/home/manoel/Documentos/Faculdade/PCD/parsec-3.0/pkgs/tools/yasm/obj/amd64-linux.gcc'
make[3]: Entering directory '/home/manoel/Documentos/Faculdade/PCD/parsec-3.0/pkgs/tools/yasm/obj/amd64-linux.gcc'
test -z "/home/manoel/Documentos/Faculdade/PCD/parsec-3.0/pkgs/tools/yasm/inst/amd64-linux.gcc/bin" || /bin/mkdir -p "/home/manoel/Documentos/Faculdade/PCD/parsec-3.0/pkgs/tools/yasm/inst/amd64-linux.gcc/bin"
  /home/manoel/Documentos/Faculdade/PCD/parsec-3.0/bin/install -c 'yasm' '/home/manoel/Documentos/Faculdade/PCD/parsec-3.0/pkgs/tools/yasm/inst/amd64-linux.gcc/bin/yasm'
test -z "/home/manoel/Documentos/Faculdade/PCD/parsec-3.0/pkgs/tools/yasm/inst/amd64-linux.gcc/lib" || /bin/mkdir -p "/home/manoel/Documentos/Faculdade/PCD/parsec-3.0/pkgs/tools/yasm/inst/amd64-linux.gcc/lib"
 /home/manoel/Documentos/Faculdade/PCD/parsec-3.0/bin/install -c -m 644 'libyasm.a' '/home/manoel/Documentos/Faculdade/PCD/parsec-3.0/pkgs/tools/yasm/inst/amd64-linux.gcc/lib/libyasm.a'
 /usr/bin/ranlib '/home/manoel/Documentos/Faculdade/PCD/parsec-3.0/pkgs/tools/yasm/inst/amd64-linux.gcc/lib/libyasm.a'
/usr/bin/make  install-exec-hook
make[4]: Entering directory '/home/manoel/Documentos/Faculdade/PCD/parsec-3.0/pkgs/tools/yasm/obj/amd64-linux.gcc'
make[4]: Nothing to be done for 'install-exec-hook'.
make[4]: Leaving directory '/home/manoel/Documentos/Faculdade/PCD/parsec-3.0/pkgs/tools/yasm/obj/amd64-linux.gcc'
test -z "/home/manoel/Documentos/Faculdade/PCD/parsec-3.0/pkgs/tools/yasm/inst/amd64-linux.gcc/include" || /bin/mkdir -p "/home/manoel/Documentos/Faculdade/PCD/parsec-3.0/pkgs/tools/yasm/inst/amd64-linux.gcc/include"
 /home/manoel/Documentos/Faculdade/PCD/parsec-3.0/bin/install -c -m 644 '/home/manoel/Documentos/Faculdade/PCD/parsec-3.0/pkgs/tools/yasm/src/libyasm.h' '/home/manoel/Documentos/Faculdade/PCD/parsec-3.0/pkgs/tools/yasm/inst/amd64-linux.gcc/include/libyasm.h'
test -z "/home/manoel/Documentos/Faculdade/PCD/parsec-3.0/pkgs/tools/yasm/inst/amd64-linux.gcc/share/man/man1" || /bin/mkdir -p "/home/manoel/Documentos/Faculdade/PCD/parsec-3.0/pkgs/tools/yasm/inst/amd64-linux.gcc/share/man/man1"
 /home/manoel/Documentos/Faculdade/PCD/parsec-3.0/bin/install -c -m 644 '/home/manoel/Documentos/Faculdade/PCD/parsec-3.0/pkgs/tools/yasm/src/yasm.1' '/home/manoel/Documentos/Faculdade/PCD/parsec-3.0/pkgs/tools/yasm/inst/amd64-linux.gcc/share/man/man1/yasm.1'
test -z "/home/manoel/Documentos/Faculdade/PCD/parsec-3.0/pkgs/tools/yasm/inst/amd64-linux.gcc/share/man/man7" || /bin/mkdir -p "/home/manoel/Documentos/Faculdade/PCD/parsec-3.0/pkgs/tools/yasm/inst/amd64-linux.gcc/share/man/man7"
 /home/manoel/Documentos/Faculdade/PCD/parsec-3.0/bin/install -c -m 644 '/home/manoel/Documentos/Faculdade/PCD/parsec-3.0/pkgs/tools/yasm/src/yasm_arch.7' '/home/manoel/Documentos/Faculdade/PCD/parsec-3.0/pkgs/tools/yasm/inst/amd64-linux.gcc/share/man/man7/yasm_arch.7'
 /home/manoel/Documentos/Faculdade/PCD/parsec-3.0/bin/install -c -m 644 '/home/manoel/Documentos/Faculdade/PCD/parsec-3.0/pkgs/tools/yasm/src/yasm_parsers.7' '/home/manoel/Documentos/Faculdade/PCD/parsec-3.0/pkgs/tools/yasm/inst/amd64-linux.gcc/share/man/man7/yasm_parsers.7'
 /home/manoel/Documentos/Faculdade/PCD/parsec-3.0/bin/install -c -m 644 '/home/manoel/Documentos/Faculdade/PCD/parsec-3.0/pkgs/tools/yasm/src/yasm_dbgfmts.7' '/home/manoel/Documentos/Faculdade/PCD/parsec-3.0/pkgs/tools/yasm/inst/amd64-linux.gcc/share/man/man7/yasm_dbgfmts.7'
 /home/manoel/Documentos/Faculdade/PCD/parsec-3.0/bin/install -c -m 644 '/home/manoel/Documentos/Faculdade/PCD/parsec-3.0/pkgs/tools/yasm/src/yasm_objfmts.7' '/home/manoel/Documentos/Faculdade/PCD/parsec-3.0/pkgs/tools/yasm/inst/amd64-linux.gcc/share/man/man7/yasm_objfmts.7'
test -z "/home/manoel/Documentos/Faculdade/PCD/parsec-3.0/pkgs/tools/yasm/inst/amd64-linux.gcc/include/libyasm" || /bin/mkdir -p "/home/manoel/Documentos/Faculdade/PCD/parsec-3.0/pkgs/tools/yasm/inst/amd64-linux.gcc/include/libyasm"
 /home/manoel/Documentos/Faculdade/PCD/parsec-3.0/bin/install -c -m 644 '/home/manoel/Documentos/Faculdade/PCD/parsec-3.0/pkgs/tools/yasm/src/libyasm/arch.h' '/home/manoel/Documentos/Faculdade/PCD/parsec-3.0/pkgs/tools/yasm/inst/amd64-linux.gcc/include/libyasm/arch.h'
 /home/manoel/Documentos/Faculdade/PCD/parsec-3.0/bin/install -c -m 644 '/home/manoel/Documentos/Faculdade/PCD/parsec-3.0/pkgs/tools/yasm/src/libyasm/assocdat.h' '/home/manoel/Documentos/Faculdade/PCD/parsec-3.0/pkgs/tools/yasm/inst/amd64-linux.gcc/include/libyasm/assocdat.h'
 /home/manoel/Documentos/Faculdade/PCD/parsec-3.0/bin/install -c -m 644 '/home/manoel/Documentos/Faculdade/PCD/parsec-3.0/pkgs/tools/yasm/src/libyasm/bitvect.h' '/home/manoel/Documentos/Faculdade/PCD/parsec-3.0/pkgs/tools/yasm/inst/amd64-linux.gcc/include/libyasm/bitvect.h'
 /home/manoel/Documentos/Faculdade/PCD/parsec-3.0/bin/install -c -m 644 '/home/manoel/Documentos/Faculdade/PCD/parsec-3.0/pkgs/tools/yasm/src/libyasm/bytecode.h' '/home/manoel/Documentos/Faculdade/PCD/parsec-3.0/pkgs/tools/yasm/inst/amd64-linux.gcc/include/libyasm/bytecode.h'
 /home/manoel/Documentos/Faculdade/PCD/parsec-3.0/bin/install -c -m 644 '/home/manoel/Documentos/Faculdade/PCD/parsec-3.0/pkgs/tools/yasm/src/libyasm/compat-queue.h' '/home/manoel/Documentos/Faculdade/PCD/parsec-3.0/pkgs/tools/yasm/inst/amd64-linux.gcc/include/libyasm/compat-queue.h'
 /home/manoel/Documentos/Faculdade/PCD/parsec-3.0/bin/install -c -m 644 '/home/manoel/Documentos/Faculdade/PCD/parsec-3.0/pkgs/tools/yasm/src/libyasm/coretype.h' '/home/manoel/Documentos/Faculdade/PCD/parsec-3.0/pkgs/tools/yasm/inst/amd64-linux.gcc/include/libyasm/coretype.h'
 /home/manoel/Documentos/Faculdade/PCD/parsec-3.0/bin/install -c -m 644 '/home/manoel/Documentos/Faculdade/PCD/parsec-3.0/pkgs/tools/yasm/src/libyasm/dbgfmt.h' '/home/manoel/Documentos/Faculdade/PCD/parsec-3.0/pkgs/tools/yasm/inst/amd64-linux.gcc/include/libyasm/dbgfmt.h'
 /home/manoel/Documentos/Faculdade/PCD/parsec-3.0/bin/install -c -m 644 '/home/manoel/Documentos/Faculdade/PCD/parsec-3.0/pkgs/tools/yasm/src/libyasm/errwarn.h' '/home/manoel/Documentos/Faculdade/PCD/parsec-3.0/pkgs/tools/yasm/inst/amd64-linux.gcc/include/libyasm/errwarn.h'
 /home/manoel/Documentos/Faculdade/PCD/parsec-3.0/bin/install -c -m 644 '/home/manoel/Documentos/Faculdade/PCD/parsec-3.0/pkgs/tools/yasm/src/libyasm/expr.h' '/home/manoel/Documentos/Faculdade/PCD/parsec-3.0/pkgs/tools/yasm/inst/amd64-linux.gcc/include/libyasm/expr.h'
 /home/manoel/Documentos/Faculdade/PCD/parsec-3.0/bin/install -c -m 644 '/home/manoel/Documentos/Faculdade/PCD/parsec-3.0/pkgs/tools/yasm/src/libyasm/file.h' '/home/manoel/Documentos/Faculdade/PCD/parsec-3.0/pkgs/tools/yasm/inst/amd64-linux.gcc/include/libyasm/file.h'
 /home/manoel/Documentos/Faculdade/PCD/parsec-3.0/bin/install -c -m 644 '/home/manoel/Documentos/Faculdade/PCD/parsec-3.0/pkgs/tools/yasm/src/libyasm/floatnum.h' '/home/manoel/Documentos/Faculdade/PCD/parsec-3.0/pkgs/tools/yasm/inst/amd64-linux.gcc/include/libyasm/floatnum.h'
 /home/manoel/Documentos/Faculdade/PCD/parsec-3.0/bin/install -c -m 644 '/home/manoel/Documentos/Faculdade/PCD/parsec-3.0/pkgs/tools/yasm/src/libyasm/hamt.h' '/home/manoel/Documentos/Faculdade/PCD/parsec-3.0/pkgs/tools/yasm/inst/amd64-linux.gcc/include/libyasm/hamt.h'
 /home/manoel/Documentos/Faculdade/PCD/parsec-3.0/bin/install -c -m 644 '/home/manoel/Documentos/Faculdade/PCD/parsec-3.0/pkgs/tools/yasm/src/libyasm/insn.h' '/home/manoel/Documentos/Faculdade/PCD/parsec-3.0/pkgs/tools/yasm/inst/amd64-linux.gcc/include/libyasm/insn.h'
 /home/manoel/Documentos/Faculdade/PCD/parsec-3.0/bin/install -c -m 644 '/home/manoel/Documentos/Faculdade/PCD/parsec-3.0/pkgs/tools/yasm/src/libyasm/intnum.h' '/home/manoel/Documentos/Faculdade/PCD/parsec-3.0/pkgs/tools/yasm/inst/amd64-linux.gcc/include/libyasm/intnum.h'
 /home/manoel/Documentos/Faculdade/PCD/parsec-3.0/bin/install -c -m 644 '/home/manoel/Documentos/Faculdade/PCD/parsec-3.0/pkgs/tools/yasm/src/libyasm/inttree.h' '/home/manoel/Documentos/Faculdade/PCD/parsec-3.0/pkgs/tools/yasm/inst/amd64-linux.gcc/include/libyasm/inttree.h'
 /home/manoel/Documentos/Faculdade/PCD/parsec-3.0/bin/install -c -m 644 '/home/manoel/Documentos/Faculdade/PCD/parsec-3.0/pkgs/tools/yasm/src/libyasm/linemap.h' '/home/manoel/Documentos/Faculdade/PCD/parsec-3.0/pkgs/tools/yasm/inst/amd64-linux.gcc/include/libyasm/linemap.h'
 /home/manoel/Documentos/Faculdade/PCD/parsec-3.0/bin/install -c -m 644 '/home/manoel/Documentos/Faculdade/PCD/parsec-3.0/pkgs/tools/yasm/src/libyasm/listfmt.h' '/home/manoel/Documentos/Faculdade/PCD/parsec-3.0/pkgs/tools/yasm/inst/amd64-linux.gcc/include/libyasm/listfmt.h'
 /home/manoel/Documentos/Faculdade/PCD/parsec-3.0/bin/install -c -m 644 '/home/manoel/Documentos/Faculdade/PCD/parsec-3.0/pkgs/tools/yasm/src/libyasm/md5.h' '/home/manoel/Documentos/Faculdade/PCD/parsec-3.0/pkgs/tools/yasm/inst/amd64-linux.gcc/include/libyasm/md5.h'
 /home/manoel/Documentos/Faculdade/PCD/parsec-3.0/bin/install -c -m 644 '/home/manoel/Documentos/Faculdade/PCD/parsec-3.0/pkgs/tools/yasm/src/libyasm/module.h' '/home/manoel/Documentos/Faculdade/PCD/parsec-3.0/pkgs/tools/yasm/inst/amd64-linux.gcc/include/libyasm/module.h'
 /home/manoel/Documentos/Faculdade/PCD/parsec-3.0/bin/install -c -m 644 '/home/manoel/Documentos/Faculdade/PCD/parsec-3.0/pkgs/tools/yasm/src/libyasm/objfmt.h' '/home/manoel/Documentos/Faculdade/PCD/parsec-3.0/pkgs/tools/yasm/inst/amd64-linux.gcc/include/libyasm/objfmt.h'
 /home/manoel/Documentos/Faculdade/PCD/parsec-3.0/bin/install -c -m 644 '/home/manoel/Documentos/Faculdade/PCD/parsec-3.0/pkgs/tools/yasm/src/libyasm/parser.h' '/home/manoel/Documentos/Faculdade/PCD/parsec-3.0/pkgs/tools/yasm/inst/amd64-linux.gcc/include/libyasm/parser.h'
 /home/manoel/Documentos/Faculdade/PCD/parsec-3.0/bin/install -c -m 644 '/home/manoel/Documentos/Faculdade/PCD/parsec-3.0/pkgs/tools/yasm/src/libyasm/phash.h' '/home/manoel/Documentos/Faculdade/PCD/parsec-3.0/pkgs/tools/yasm/inst/amd64-linux.gcc/include/libyasm/phash.h'
 /home/manoel/Documentos/Faculdade/PCD/parsec-3.0/bin/install -c -m 644 '/home/manoel/Documentos/Faculdade/PCD/parsec-3.0/pkgs/tools/yasm/src/libyasm/preproc.h' '/home/manoel/Documentos/Faculdade/PCD/parsec-3.0/pkgs/tools/yasm/inst/amd64-linux.gcc/include/libyasm/preproc.h'
 /home/manoel/Documentos/Faculdade/PCD/parsec-3.0/bin/install -c -m 644 '/home/manoel/Documentos/Faculdade/PCD/parsec-3.0/pkgs/tools/yasm/src/libyasm/section.h' '/home/manoel/Documentos/Faculdade/PCD/parsec-3.0/pkgs/tools/yasm/inst/amd64-linux.gcc/include/libyasm/section.h'
 /home/manoel/Documentos/Faculdade/PCD/parsec-3.0/bin/install -c -m 644 '/home/manoel/Documentos/Faculdade/PCD/parsec-3.0/pkgs/tools/yasm/src/libyasm/symrec.h' '/home/manoel/Documentos/Faculdade/PCD/parsec-3.0/pkgs/tools/yasm/inst/amd64-linux.gcc/include/libyasm/symrec.h'
 /home/manoel/Documentos/Faculdade/PCD/parsec-3.0/bin/install -c -m 644 '/home/manoel/Documentos/Faculdade/PCD/parsec-3.0/pkgs/tools/yasm/src/libyasm/valparam.h' '/home/manoel/Documentos/Faculdade/PCD/parsec-3.0/pkgs/tools/yasm/inst/amd64-linux.gcc/include/libyasm/valparam.h'
 /home/manoel/Documentos/Faculdade/PCD/parsec-3.0/bin/install -c -m 644 '/home/manoel/Documentos/Faculdade/PCD/parsec-3.0/pkgs/tools/yasm/src/libyasm/value.h' '/home/manoel/Documentos/Faculdade/PCD/parsec-3.0/pkgs/tools/yasm/inst/amd64-linux.gcc/include/libyasm/value.h'
test -z "/home/manoel/Documentos/Faculdade/PCD/parsec-3.0/pkgs/tools/yasm/inst/amd64-linux.gcc/include" || /bin/mkdir -p "/home/manoel/Documentos/Faculdade/PCD/parsec-3.0/pkgs/tools/yasm/inst/amd64-linux.gcc/include"
 /home/manoel/Documentos/Faculdade/PCD/parsec-3.0/bin/install -c -m 644 'libyasm-stdint.h' '/home/manoel/Documentos/Faculdade/PCD/parsec-3.0/pkgs/tools/yasm/inst/amd64-linux.gcc/include/libyasm-stdint.h'
make[3]: Leaving directory '/home/manoel/Documentos/Faculdade/PCD/parsec-3.0/pkgs/tools/yasm/obj/amd64-linux.gcc'
make[2]: Leaving directory '/home/manoel/Documentos/Faculdade/PCD/parsec-3.0/pkgs/tools/yasm/obj/amd64-linux.gcc'
make[1]: Leaving directory '/home/manoel/Documentos/Faculdade/PCD/parsec-3.0/pkgs/tools/yasm/obj/amd64-linux.gcc'
[PARSEC] [---------- Building package parsec.x264 ----------]
[PARSEC] Copying source code of package parsec.x264.
[PARSEC] Running 'env PATH=/home/manoel/Documentos/Faculdade/PCD/parsec-3.0/pkgs/tools/yasm/inst/amd64-linux.gcc/bin:/home/manoel/Documentos/Faculdade/PCD/parsec-3.0/bin:/home/manoel/bin:/home/manoel/.local/bin:/home/manoel/Downloads/anaconda3/condabin:/home/manoel/.nvm/versions/node/v14.15.0/bin:/home/manoel/bin:/home/manoel/.local/bin:/usr/local/sbin:/usr/local/bin:/usr/sbin:/usr/bin:/sbin:/bin:/usr/games:/usr/local/games:/snap/bin:/home/manoel/Documentos/Faculdade/Programaçao Concorrente e Distribuida/parsec-3.0/bin:/home/manoel/Documentos/Faculdade/Programaçao Concorrente e Distribuida/parsec-3.0/bin:/home/manoel/Documentos/Faculdade/PCD/parsec-3.0/bin ./configure --enable-pthread --extra-asflags= --extra-cflags= -O3 -g -funroll-loops -fprefetch-loop-arrays -static-libgcc -Wl,--hash-style=both,--as-needed -DPARSEC_VERSION=3.0-beta-20150206 --extra-ldflags=-L/usr/lib64 -L/usr/lib  --prefix=/home/manoel/Documentos/Faculdade/PCD/parsec-3.0/pkgs/apps/x264/inst/amd64-linux.gcc':
Platform:   X86_64
System:     LINUX
asm:        yes
avis input: no
mp4 output: no
pthread:    yes
debug:      no
gprof:      no
PIC:        no
shared:     no
visualize:  no

You can run 'make' or 'make fprofiled' now.
[PARSEC] Running 'env PATH=/home/manoel/Documentos/Faculdade/PCD/parsec-3.0/pkgs/tools/yasm/inst/amd64-linux.gcc/bin:/home/manoel/Documentos/Faculdade/PCD/parsec-3.0/bin:/home/manoel/bin:/home/manoel/.local/bin:/home/manoel/Downloads/anaconda3/condabin:/home/manoel/.nvm/versions/node/v14.15.0/bin:/home/manoel/bin:/home/manoel/.local/bin:/usr/local/sbin:/usr/local/bin:/usr/sbin:/usr/bin:/sbin:/bin:/usr/games:/usr/local/games:/snap/bin:/home/manoel/Documentos/Faculdade/Programaçao Concorrente e Distribuida/parsec-3.0/bin:/home/manoel/Documentos/Faculdade/Programaçao Concorrente e Distribuida/parsec-3.0/bin:/home/manoel/Documentos/Faculdade/PCD/parsec-3.0/bin /usr/bin/make':
rm -f .depend
( echo -n "`dirname common/mc.c`/" && /usr/bin/gcc -O4 -ffast-math  -O3 -g -funroll-loops -fprefetch-loop-arrays -static-libgcc -Wl,--hash-style=both,--as-needed -DPARSEC_VERSION=3.0-beta-20150206 -Wall -I.  -O3 -g -funroll-loops -fprefetch-loop-arrays -static-libgcc -Wl,--hash-style=both,--as-needed -DPARSEC_VERSION=3.0-beta-20150206 -DHAVE_MALLOC_H -DHAVE_MMX -DARCH_X86_64 -DSYS_LINUX -DHAVE_PTHREAD -s -fomit-frame-pointer  common/mc.c -MM -g0 ) 1>> .depend;  ( echo -n "`dirname common/predict.c`/" && /usr/bin/gcc -O4 -ffast-math  -O3 -g -funroll-loops -fprefetch-loop-arrays -static-libgcc -Wl,--hash-style=both,--as-needed -DPARSEC_VERSION=3.0-beta-20150206 -Wall -I.  -O3 -g -funroll-loops -fprefetch-loop-arrays -static-libgcc -Wl,--hash-style=both,--as-needed -DPARSEC_VERSION=3.0-beta-20150206 -DHAVE_MALLOC_H -DHAVE_MMX -DARCH_X86_64 -DSYS_LINUX -DHAVE_PTHREAD -s -fomit-frame-pointer  common/predict.c -MM -g0 ) 1>> .depend;  ( echo -n "`dirname common/pixel.c`/" && /usr/bin/gcc -O4 -ffast-math  -O3 -g -funroll-loops -fprefetch-loop-arrays -static-libgcc -Wl,--hash-style=both,--as-needed -DPARSEC_VERSION=3.0-beta-20150206 -Wall -I.  -O3 -g -funroll-loops -fprefetch-loop-arrays -static-libgcc -Wl,--hash-style=both,--as-needed -DPARSEC_VERSION=3.0-beta-20150206 -DHAVE_MALLOC_H -DHAVE_MMX -DARCH_X86_64 -DSYS_LINUX -DHAVE_PTHREAD -s -fomit-frame-pointer  common/pixel.c -MM -g0 ) 1>> .depend;  ( echo -n "`dirname common/macroblock.c`/" && /usr/bin/gcc -O4 -ffast-math  -O3 -g -funroll-loops -fprefetch-loop-arrays -static-libgcc -Wl,--hash-style=both,--as-needed -DPARSEC_VERSION=3.0-beta-20150206 -Wall -I.  -O3 -g -funroll-loops -fprefetch-loop-arrays -static-libgcc -Wl,--hash-style=both,--as-needed -DPARSEC_VERSION=3.0-beta-20150206 -DHAVE_MALLOC_H -DHAVE_MMX -DARCH_X86_64 -DSYS_LINUX -DHAVE_PTHREAD -s -fomit-frame-pointer  common/macroblock.c -MM -g0 ) 1>> .depend;  ( echo -n "`dirname common/frame.c`/" && /usr/bin/gcc -O4 -ffast-math  -O3 -g -funroll-loops -fprefetch-loop-arrays -static-libgcc -Wl,--hash-style=both,--as-needed -DPARSEC_VERSION=3.0-beta-20150206 -Wall -I.  -O3 -g -funroll-loops -fprefetch-loop-arrays -static-libgcc -Wl,--hash-style=both,--as-needed -DPARSEC_VERSION=3.0-beta-20150206 -DHAVE_MALLOC_H -DHAVE_MMX -DARCH_X86_64 -DSYS_LINUX -DHAVE_PTHREAD -s -fomit-frame-pointer  common/frame.c -MM -g0 ) 1>> .depend;  ( echo -n "`dirname common/dct.c`/" && /usr/bin/gcc -O4 -ffast-math  -O3 -g -funroll-loops -fprefetch-loop-arrays -static-libgcc -Wl,--hash-style=both,--as-needed -DPARSEC_VERSION=3.0-beta-20150206 -Wall -I.  -O3 -g -funroll-loops -fprefetch-loop-arrays -static-libgcc -Wl,--hash-style=both,--as-needed -DPARSEC_VERSION=3.0-beta-20150206 -DHAVE_MALLOC_H -DHAVE_MMX -DARCH_X86_64 -DSYS_LINUX -DHAVE_PTHREAD -s -fomit-frame-pointer  common/dct.c -MM -g0 ) 1>> .depend;  ( echo -n "`dirname common/cpu.c`/" && /usr/bin/gcc -O4 -ffast-math  -O3 -g -funroll-loops -fprefetch-loop-arrays -static-libgcc -Wl,--hash-style=both,--as-needed -DPARSEC_VERSION=3.0-beta-20150206 -Wall -I.  -O3 -g -funroll-loops -fprefetch-loop-arrays -static-libgcc -Wl,--hash-style=both,--as-needed -DPARSEC_VERSION=3.0-beta-20150206 -DHAVE_MALLOC_H -DHAVE_MMX -DARCH_X86_64 -DSYS_LINUX -DHAVE_PTHREAD -s -fomit-frame-pointer  common/cpu.c -MM -g0 ) 1>> .depend;  ( echo -n "`dirname common/cabac.c`/" && /usr/bin/gcc -O4 -ffast-math  -O3 -g -funroll-loops -fprefetch-loop-arrays -static-libgcc -Wl,--hash-style=both,--as-needed -DPARSEC_VERSION=3.0-beta-20150206 -Wall -I.  -O3 -g -funroll-loops -fprefetch-loop-arrays -static-libgcc -Wl,--hash-style=both,--as-needed -DPARSEC_VERSION=3.0-beta-20150206 -DHAVE_MALLOC_H -DHAVE_MMX -DARCH_X86_64 -DSYS_LINUX -DHAVE_PTHREAD -s -fomit-frame-pointer  common/cabac.c -MM -g0 ) 1>> .depend;  ( echo -n "`dirname common/common.c`/" && /usr/bin/gcc -O4 -ffast-math  -O3 -g -funroll-loops -fprefetch-loop-arrays -static-libgcc -Wl,--hash-style=both,--as-needed -DPARSEC_VERSION=3.0-beta-20150206 -Wall -I.  -O3 -g -funroll-loops -fprefetch-loop-arrays -static-libgcc -Wl,--hash-style=both,--as-needed -DPARSEC_VERSION=3.0-beta-20150206 -DHAVE_MALLOC_H -DHAVE_MMX -DARCH_X86_64 -DSYS_LINUX -DHAVE_PTHREAD -s -fomit-frame-pointer  common/common.c -MM -g0 ) 1>> .depend;  ( echo -n "`dirname common/mdate.c`/" && /usr/bin/gcc -O4 -ffast-math  -O3 -g -funroll-loops -fprefetch-loop-arrays -static-libgcc -Wl,--hash-style=both,--as-needed -DPARSEC_VERSION=3.0-beta-20150206 -Wall -I.  -O3 -g -funroll-loops -fprefetch-loop-arrays -static-libgcc -Wl,--hash-style=both,--as-needed -DPARSEC_VERSION=3.0-beta-20150206 -DHAVE_MALLOC_H -DHAVE_MMX -DARCH_X86_64 -DSYS_LINUX -DHAVE_PTHREAD -s -fomit-frame-pointer  common/mdate.c -MM -g0 ) 1>> .depend;  ( echo -n "`dirname common/set.c`/" && /usr/bin/gcc -O4 -ffast-math  -O3 -g -funroll-loops -fprefetch-loop-arrays -static-libgcc -Wl,--hash-style=both,--as-needed -DPARSEC_VERSION=3.0-beta-20150206 -Wall -I.  -O3 -g -funroll-loops -fprefetch-loop-arrays -static-libgcc -Wl,--hash-style=both,--as-needed -DPARSEC_VERSION=3.0-beta-20150206 -DHAVE_MALLOC_H -DHAVE_MMX -DARCH_X86_64 -DSYS_LINUX -DHAVE_PTHREAD -s -fomit-frame-pointer  common/set.c -MM -g0 ) 1>> .depend;  ( echo -n "`dirname common/quant.c`/" && /usr/bin/gcc -O4 -ffast-math  -O3 -g -funroll-loops -fprefetch-loop-arrays -static-libgcc -Wl,--hash-style=both,--as-needed -DPARSEC_VERSION=3.0-beta-20150206 -Wall -I.  -O3 -g -funroll-loops -fprefetch-loop-arrays -static-libgcc -Wl,--hash-style=both,--as-needed -DPARSEC_VERSION=3.0-beta-20150206 -DHAVE_MALLOC_H -DHAVE_MMX -DARCH_X86_64 -DSYS_LINUX -DHAVE_PTHREAD -s -fomit-frame-pointer  common/quant.c -MM -g0 ) 1>> .depend;  ( echo -n "`dirname common/vlc.c`/" && /usr/bin/gcc -O4 -ffast-math  -O3 -g -funroll-loops -fprefetch-loop-arrays -static-libgcc -Wl,--hash-style=both,--as-needed -DPARSEC_VERSION=3.0-beta-20150206 -Wall -I.  -O3 -g -funroll-loops -fprefetch-loop-arrays -static-libgcc -Wl,--hash-style=both,--as-needed -DPARSEC_VERSION=3.0-beta-20150206 -DHAVE_MALLOC_H -DHAVE_MMX -DARCH_X86_64 -DSYS_LINUX -DHAVE_PTHREAD -s -fomit-frame-pointer  common/vlc.c -MM -g0 ) 1>> .depend;  ( echo -n "`dirname encoder/analyse.c`/" && /usr/bin/gcc -O4 -ffast-math  -O3 -g -funroll-loops -fprefetch-loop-arrays -static-libgcc -Wl,--hash-style=both,--as-needed -DPARSEC_VERSION=3.0-beta-20150206 -Wall -I.  -O3 -g -funroll-loops -fprefetch-loop-arrays -static-libgcc -Wl,--hash-style=both,--as-needed -DPARSEC_VERSION=3.0-beta-20150206 -DHAVE_MALLOC_H -DHAVE_MMX -DARCH_X86_64 -DSYS_LINUX -DHAVE_PTHREAD -s -fomit-frame-pointer  encoder/analyse.c -MM -g0 ) 1>> .depend;  ( echo -n "`dirname encoder/me.c`/" && /usr/bin/gcc -O4 -ffast-math  -O3 -g -funroll-loops -fprefetch-loop-arrays -static-libgcc -Wl,--hash-style=both,--as-needed -DPARSEC_VERSION=3.0-beta-20150206 -Wall -I.  -O3 -g -funroll-loops -fprefetch-loop-arrays -static-libgcc -Wl,--hash-style=both,--as-needed -DPARSEC_VERSION=3.0-beta-20150206 -DHAVE_MALLOC_H -DHAVE_MMX -DARCH_X86_64 -DSYS_LINUX -DHAVE_PTHREAD -s -fomit-frame-pointer  encoder/me.c -MM -g0 ) 1>> .depend;  ( echo -n "`dirname encoder/ratecontrol.c`/" && /usr/bin/gcc -O4 -ffast-math  -O3 -g -funroll-loops -fprefetch-loop-arrays -static-libgcc -Wl,--hash-style=both,--as-needed -DPARSEC_VERSION=3.0-beta-20150206 -Wall -I.  -O3 -g -funroll-loops -fprefetch-loop-arrays -static-libgcc -Wl,--hash-style=both,--as-needed -DPARSEC_VERSION=3.0-beta-20150206 -DHAVE_MALLOC_H -DHAVE_MMX -DARCH_X86_64 -DSYS_LINUX -DHAVE_PTHREAD -s -fomit-frame-pointer  encoder/ratecontrol.c -MM -g0 ) 1>> .depend;  ( echo -n "`dirname encoder/set.c`/" && /usr/bin/gcc -O4 -ffast-math  -O3 -g -funroll-loops -fprefetch-loop-arrays -static-libgcc -Wl,--hash-style=both,--as-needed -DPARSEC_VERSION=3.0-beta-20150206 -Wall -I.  -O3 -g -funroll-loops -fprefetch-loop-arrays -static-libgcc -Wl,--hash-style=both,--as-needed -DPARSEC_VERSION=3.0-beta-20150206 -DHAVE_MALLOC_H -DHAVE_MMX -DARCH_X86_64 -DSYS_LINUX -DHAVE_PTHREAD -s -fomit-frame-pointer  encoder/set.c -MM -g0 ) 1>> .depend;  ( echo -n "`dirname encoder/macroblock.c`/" && /usr/bin/gcc -O4 -ffast-math  -O3 -g -funroll-loops -fprefetch-loop-arrays -static-libgcc -Wl,--hash-style=both,--as-needed -DPARSEC_VERSION=3.0-beta-20150206 -Wall -I.  -O3 -g -funroll-loops -fprefetch-loop-arrays -static-libgcc -Wl,--hash-style=both,--as-needed -DPARSEC_VERSION=3.0-beta-20150206 -DHAVE_MALLOC_H -DHAVE_MMX -DARCH_X86_64 -DSYS_LINUX -DHAVE_PTHREAD -s -fomit-frame-pointer  encoder/macroblock.c -MM -g0 ) 1>> .depend;  ( echo -n "`dirname encoder/cabac.c`/" && /usr/bin/gcc -O4 -ffast-math  -O3 -g -funroll-loops -fprefetch-loop-arrays -static-libgcc -Wl,--hash-style=both,--as-needed -DPARSEC_VERSION=3.0-beta-20150206 -Wall -I.  -O3 -g -funroll-loops -fprefetch-loop-arrays -static-libgcc -Wl,--hash-style=both,--as-needed -DPARSEC_VERSION=3.0-beta-20150206 -DHAVE_MALLOC_H -DHAVE_MMX -DARCH_X86_64 -DSYS_LINUX -DHAVE_PTHREAD -s -fomit-frame-pointer  encoder/cabac.c -MM -g0 ) 1>> .depend;  ( echo -n "`dirname encoder/cavlc.c`/" && /usr/bin/gcc -O4 -ffast-math  -O3 -g -funroll-loops -fprefetch-loop-arrays -static-libgcc -Wl,--hash-style=both,--as-needed -DPARSEC_VERSION=3.0-beta-20150206 -Wall -I.  -O3 -g -funroll-loops -fprefetch-loop-arrays -static-libgcc -Wl,--hash-style=both,--as-needed -DPARSEC_VERSION=3.0-beta-20150206 -DHAVE_MALLOC_H -DHAVE_MMX -DARCH_X86_64 -DSYS_LINUX -DHAVE_PTHREAD -s -fomit-frame-pointer  encoder/cavlc.c -MM -g0 ) 1>> .depend;  ( echo -n "`dirname encoder/encoder.c`/" && /usr/bin/gcc -O4 -ffast-math  -O3 -g -funroll-loops -fprefetch-loop-arrays -static-libgcc -Wl,--hash-style=both,--as-needed -DPARSEC_VERSION=3.0-beta-20150206 -Wall -I.  -O3 -g -funroll-loops -fprefetch-loop-arrays -static-libgcc -Wl,--hash-style=both,--as-needed -DPARSEC_VERSION=3.0-beta-20150206 -DHAVE_MALLOC_H -DHAVE_MMX -DARCH_X86_64 -DSYS_LINUX -DHAVE_PTHREAD -s -fomit-frame-pointer  encoder/encoder.c -MM -g0 ) 1>> .depend;  ( echo -n "`dirname common/x86/mc-c.c`/" && /usr/bin/gcc -O4 -ffast-math  -O3 -g -funroll-loops -fprefetch-loop-arrays -static-libgcc -Wl,--hash-style=both,--as-needed -DPARSEC_VERSION=3.0-beta-20150206 -Wall -I.  -O3 -g -funroll-loops -fprefetch-loop-arrays -static-libgcc -Wl,--hash-style=both,--as-needed -DPARSEC_VERSION=3.0-beta-20150206 -DHAVE_MALLOC_H -DHAVE_MMX -DARCH_X86_64 -DSYS_LINUX -DHAVE_PTHREAD -s -fomit-frame-pointer  common/x86/mc-c.c -MM -g0 ) 1>> .depend;  ( echo -n "`dirname common/x86/predict-c.c`/" && /usr/bin/gcc -O4 -ffast-math  -O3 -g -funroll-loops -fprefetch-loop-arrays -static-libgcc -Wl,--hash-style=both,--as-needed -DPARSEC_VERSION=3.0-beta-20150206 -Wall -I.  -O3 -g -funroll-loops -fprefetch-loop-arrays -static-libgcc -Wl,--hash-style=both,--as-needed -DPARSEC_VERSION=3.0-beta-20150206 -DHAVE_MALLOC_H -DHAVE_MMX -DARCH_X86_64 -DSYS_LINUX -DHAVE_PTHREAD -s -fomit-frame-pointer  common/x86/predict-c.c -MM -g0 ) 1>> .depend;  ( echo -n "`dirname x264.c`/" && /usr/bin/gcc -O4 -ffast-math  -O3 -g -funroll-loops -fprefetch-loop-arrays -static-libgcc -Wl,--hash-style=both,--as-needed -DPARSEC_VERSION=3.0-beta-20150206 -Wall -I.  -O3 -g -funroll-loops -fprefetch-loop-arrays -static-libgcc -Wl,--hash-style=both,--as-needed -DPARSEC_VERSION=3.0-beta-20150206 -DHAVE_MALLOC_H -DHAVE_MMX -DARCH_X86_64 -DSYS_LINUX -DHAVE_PTHREAD -s -fomit-frame-pointer  x264.c -MM -g0 ) 1>> .depend;  ( echo -n "`dirname matroska.c`/" && /usr/bin/gcc -O4 -ffast-math  -O3 -g -funroll-loops -fprefetch-loop-arrays -static-libgcc -Wl,--hash-style=both,--as-needed -DPARSEC_VERSION=3.0-beta-20150206 -Wall -I.  -O3 -g -funroll-loops -fprefetch-loop-arrays -static-libgcc -Wl,--hash-style=both,--as-needed -DPARSEC_VERSION=3.0-beta-20150206 -DHAVE_MALLOC_H -DHAVE_MMX -DARCH_X86_64 -DSYS_LINUX -DHAVE_PTHREAD -s -fomit-frame-pointer  matroska.c -MM -g0 ) 1>> .depend;  ( echo -n "`dirname muxers.c`/" && /usr/bin/gcc -O4 -ffast-math  -O3 -g -funroll-loops -fprefetch-loop-arrays -static-libgcc -Wl,--hash-style=both,--as-needed -DPARSEC_VERSION=3.0-beta-20150206 -Wall -I.  -O3 -g -funroll-loops -fprefetch-loop-arrays -static-libgcc -Wl,--hash-style=both,--as-needed -DPARSEC_VERSION=3.0-beta-20150206 -DHAVE_MALLOC_H -DHAVE_MMX -DARCH_X86_64 -DSYS_LINUX -DHAVE_PTHREAD -s -fomit-frame-pointer  muxers.c -MM -g0 ) 1>> .depend;
/usr/bin/gcc -O4 -ffast-math  -O3 -g -funroll-loops -fprefetch-loop-arrays -static-libgcc -Wl,--hash-style=both,--as-needed -DPARSEC_VERSION=3.0-beta-20150206 -Wall -I.  -O3 -g -funroll-loops -fprefetch-loop-arrays -static-libgcc -Wl,--hash-style=both,--as-needed -DPARSEC_VERSION=3.0-beta-20150206 -DHAVE_MALLOC_H -DHAVE_MMX -DARCH_X86_64 -DSYS_LINUX -DHAVE_PTHREAD -s -fomit-frame-pointer   -c -o x264.o x264.c
/usr/bin/gcc -O4 -ffast-math  -O3 -g -funroll-loops -fprefetch-loop-arrays -static-libgcc -Wl,--hash-style=both,--as-needed -DPARSEC_VERSION=3.0-beta-20150206 -Wall -I.  -O3 -g -funroll-loops -fprefetch-loop-arrays -static-libgcc -Wl,--hash-style=both,--as-needed -DPARSEC_VERSION=3.0-beta-20150206 -DHAVE_MALLOC_H -DHAVE_MMX -DARCH_X86_64 -DSYS_LINUX -DHAVE_PTHREAD -s -fomit-frame-pointer   -c -o matroska.o matroska.c
/usr/bin/gcc -O4 -ffast-math  -O3 -g -funroll-loops -fprefetch-loop-arrays -static-libgcc -Wl,--hash-style=both,--as-needed -DPARSEC_VERSION=3.0-beta-20150206 -Wall -I.  -O3 -g -funroll-loops -fprefetch-loop-arrays -static-libgcc -Wl,--hash-style=both,--as-needed -DPARSEC_VERSION=3.0-beta-20150206 -DHAVE_MALLOC_H -DHAVE_MMX -DARCH_X86_64 -DSYS_LINUX -DHAVE_PTHREAD -s -fomit-frame-pointer   -c -o muxers.o muxers.c
/usr/bin/gcc -O4 -ffast-math  -O3 -g -funroll-loops -fprefetch-loop-arrays -static-libgcc -Wl,--hash-style=both,--as-needed -DPARSEC_VERSION=3.0-beta-20150206 -Wall -I.  -O3 -g -funroll-loops -fprefetch-loop-arrays -static-libgcc -Wl,--hash-style=both,--as-needed -DPARSEC_VERSION=3.0-beta-20150206 -DHAVE_MALLOC_H -DHAVE_MMX -DARCH_X86_64 -DSYS_LINUX -DHAVE_PTHREAD -s -fomit-frame-pointer   -c -o common/mc.o common/mc.c
/usr/bin/gcc -O4 -ffast-math  -O3 -g -funroll-loops -fprefetch-loop-arrays -static-libgcc -Wl,--hash-style=both,--as-needed -DPARSEC_VERSION=3.0-beta-20150206 -Wall -I.  -O3 -g -funroll-loops -fprefetch-loop-arrays -static-libgcc -Wl,--hash-style=both,--as-needed -DPARSEC_VERSION=3.0-beta-20150206 -DHAVE_MALLOC_H -DHAVE_MMX -DARCH_X86_64 -DSYS_LINUX -DHAVE_PTHREAD -s -fomit-frame-pointer   -c -o common/predict.o common/predict.c
/usr/bin/gcc -O4 -ffast-math  -O3 -g -funroll-loops -fprefetch-loop-arrays -static-libgcc -Wl,--hash-style=both,--as-needed -DPARSEC_VERSION=3.0-beta-20150206 -Wall -I.  -O3 -g -funroll-loops -fprefetch-loop-arrays -static-libgcc -Wl,--hash-style=both,--as-needed -DPARSEC_VERSION=3.0-beta-20150206 -DHAVE_MALLOC_H -DHAVE_MMX -DARCH_X86_64 -DSYS_LINUX -DHAVE_PTHREAD -s -fomit-frame-pointer   -c -o common/pixel.o common/pixel.c
/usr/bin/gcc -O4 -ffast-math  -O3 -g -funroll-loops -fprefetch-loop-arrays -static-libgcc -Wl,--hash-style=both,--as-needed -DPARSEC_VERSION=3.0-beta-20150206 -Wall -I.  -O3 -g -funroll-loops -fprefetch-loop-arrays -static-libgcc -Wl,--hash-style=both,--as-needed -DPARSEC_VERSION=3.0-beta-20150206 -DHAVE_MALLOC_H -DHAVE_MMX -DARCH_X86_64 -DSYS_LINUX -DHAVE_PTHREAD -s -fomit-frame-pointer   -c -o common/macroblock.o common/macroblock.c
/usr/bin/gcc -O4 -ffast-math  -O3 -g -funroll-loops -fprefetch-loop-arrays -static-libgcc -Wl,--hash-style=both,--as-needed -DPARSEC_VERSION=3.0-beta-20150206 -Wall -I.  -O3 -g -funroll-loops -fprefetch-loop-arrays -static-libgcc -Wl,--hash-style=both,--as-needed -DPARSEC_VERSION=3.0-beta-20150206 -DHAVE_MALLOC_H -DHAVE_MMX -DARCH_X86_64 -DSYS_LINUX -DHAVE_PTHREAD -s -fomit-frame-pointer   -c -o common/frame.o common/frame.c
/usr/bin/gcc -O4 -ffast-math  -O3 -g -funroll-loops -fprefetch-loop-arrays -static-libgcc -Wl,--hash-style=both,--as-needed -DPARSEC_VERSION=3.0-beta-20150206 -Wall -I.  -O3 -g -funroll-loops -fprefetch-loop-arrays -static-libgcc -Wl,--hash-style=both,--as-needed -DPARSEC_VERSION=3.0-beta-20150206 -DHAVE_MALLOC_H -DHAVE_MMX -DARCH_X86_64 -DSYS_LINUX -DHAVE_PTHREAD -s -fomit-frame-pointer   -c -o common/dct.o common/dct.c
/usr/bin/gcc -O4 -ffast-math  -O3 -g -funroll-loops -fprefetch-loop-arrays -static-libgcc -Wl,--hash-style=both,--as-needed -DPARSEC_VERSION=3.0-beta-20150206 -Wall -I.  -O3 -g -funroll-loops -fprefetch-loop-arrays -static-libgcc -Wl,--hash-style=both,--as-needed -DPARSEC_VERSION=3.0-beta-20150206 -DHAVE_MALLOC_H -DHAVE_MMX -DARCH_X86_64 -DSYS_LINUX -DHAVE_PTHREAD -s -fomit-frame-pointer   -c -o common/cpu.o common/cpu.c
/usr/bin/gcc -O4 -ffast-math  -O3 -g -funroll-loops -fprefetch-loop-arrays -static-libgcc -Wl,--hash-style=both,--as-needed -DPARSEC_VERSION=3.0-beta-20150206 -Wall -I.  -O3 -g -funroll-loops -fprefetch-loop-arrays -static-libgcc -Wl,--hash-style=both,--as-needed -DPARSEC_VERSION=3.0-beta-20150206 -DHAVE_MALLOC_H -DHAVE_MMX -DARCH_X86_64 -DSYS_LINUX -DHAVE_PTHREAD -s -fomit-frame-pointer   -c -o common/cabac.o common/cabac.c
/usr/bin/gcc -O4 -ffast-math  -O3 -g -funroll-loops -fprefetch-loop-arrays -static-libgcc -Wl,--hash-style=both,--as-needed -DPARSEC_VERSION=3.0-beta-20150206 -Wall -I.  -O3 -g -funroll-loops -fprefetch-loop-arrays -static-libgcc -Wl,--hash-style=both,--as-needed -DPARSEC_VERSION=3.0-beta-20150206 -DHAVE_MALLOC_H -DHAVE_MMX -DARCH_X86_64 -DSYS_LINUX -DHAVE_PTHREAD -s -fomit-frame-pointer   -c -o common/common.o common/common.c
/usr/bin/gcc -O4 -ffast-math  -O3 -g -funroll-loops -fprefetch-loop-arrays -static-libgcc -Wl,--hash-style=both,--as-needed -DPARSEC_VERSION=3.0-beta-20150206 -Wall -I.  -O3 -g -funroll-loops -fprefetch-loop-arrays -static-libgcc -Wl,--hash-style=both,--as-needed -DPARSEC_VERSION=3.0-beta-20150206 -DHAVE_MALLOC_H -DHAVE_MMX -DARCH_X86_64 -DSYS_LINUX -DHAVE_PTHREAD -s -fomit-frame-pointer   -c -o common/mdate.o common/mdate.c
/usr/bin/gcc -O4 -ffast-math  -O3 -g -funroll-loops -fprefetch-loop-arrays -static-libgcc -Wl,--hash-style=both,--as-needed -DPARSEC_VERSION=3.0-beta-20150206 -Wall -I.  -O3 -g -funroll-loops -fprefetch-loop-arrays -static-libgcc -Wl,--hash-style=both,--as-needed -DPARSEC_VERSION=3.0-beta-20150206 -DHAVE_MALLOC_H -DHAVE_MMX -DARCH_X86_64 -DSYS_LINUX -DHAVE_PTHREAD -s -fomit-frame-pointer   -c -o common/set.o common/set.c
/usr/bin/gcc -O4 -ffast-math  -O3 -g -funroll-loops -fprefetch-loop-arrays -static-libgcc -Wl,--hash-style=both,--as-needed -DPARSEC_VERSION=3.0-beta-20150206 -Wall -I.  -O3 -g -funroll-loops -fprefetch-loop-arrays -static-libgcc -Wl,--hash-style=both,--as-needed -DPARSEC_VERSION=3.0-beta-20150206 -DHAVE_MALLOC_H -DHAVE_MMX -DARCH_X86_64 -DSYS_LINUX -DHAVE_PTHREAD -s -fomit-frame-pointer   -c -o common/quant.o common/quant.c
/usr/bin/gcc -O4 -ffast-math  -O3 -g -funroll-loops -fprefetch-loop-arrays -static-libgcc -Wl,--hash-style=both,--as-needed -DPARSEC_VERSION=3.0-beta-20150206 -Wall -I.  -O3 -g -funroll-loops -fprefetch-loop-arrays -static-libgcc -Wl,--hash-style=both,--as-needed -DPARSEC_VERSION=3.0-beta-20150206 -DHAVE_MALLOC_H -DHAVE_MMX -DARCH_X86_64 -DSYS_LINUX -DHAVE_PTHREAD -s -fomit-frame-pointer   -c -o common/vlc.o common/vlc.c
/usr/bin/gcc -O4 -ffast-math  -O3 -g -funroll-loops -fprefetch-loop-arrays -static-libgcc -Wl,--hash-style=both,--as-needed -DPARSEC_VERSION=3.0-beta-20150206 -Wall -I.  -O3 -g -funroll-loops -fprefetch-loop-arrays -static-libgcc -Wl,--hash-style=both,--as-needed -DPARSEC_VERSION=3.0-beta-20150206 -DHAVE_MALLOC_H -DHAVE_MMX -DARCH_X86_64 -DSYS_LINUX -DHAVE_PTHREAD -s -fomit-frame-pointer   -c -o encoder/analyse.o encoder/analyse.c
/usr/bin/gcc -O4 -ffast-math  -O3 -g -funroll-loops -fprefetch-loop-arrays -static-libgcc -Wl,--hash-style=both,--as-needed -DPARSEC_VERSION=3.0-beta-20150206 -Wall -I.  -O3 -g -funroll-loops -fprefetch-loop-arrays -static-libgcc -Wl,--hash-style=both,--as-needed -DPARSEC_VERSION=3.0-beta-20150206 -DHAVE_MALLOC_H -DHAVE_MMX -DARCH_X86_64 -DSYS_LINUX -DHAVE_PTHREAD -s -fomit-frame-pointer   -c -o encoder/me.o encoder/me.c
/usr/bin/gcc -O4 -ffast-math  -O3 -g -funroll-loops -fprefetch-loop-arrays -static-libgcc -Wl,--hash-style=both,--as-needed -DPARSEC_VERSION=3.0-beta-20150206 -Wall -I.  -O3 -g -funroll-loops -fprefetch-loop-arrays -static-libgcc -Wl,--hash-style=both,--as-needed -DPARSEC_VERSION=3.0-beta-20150206 -DHAVE_MALLOC_H -DHAVE_MMX -DARCH_X86_64 -DSYS_LINUX -DHAVE_PTHREAD -s -fomit-frame-pointer   -c -o encoder/ratecontrol.o encoder/ratecontrol.c
/usr/bin/gcc -O4 -ffast-math  -O3 -g -funroll-loops -fprefetch-loop-arrays -static-libgcc -Wl,--hash-style=both,--as-needed -DPARSEC_VERSION=3.0-beta-20150206 -Wall -I.  -O3 -g -funroll-loops -fprefetch-loop-arrays -static-libgcc -Wl,--hash-style=both,--as-needed -DPARSEC_VERSION=3.0-beta-20150206 -DHAVE_MALLOC_H -DHAVE_MMX -DARCH_X86_64 -DSYS_LINUX -DHAVE_PTHREAD -s -fomit-frame-pointer   -c -o encoder/set.o encoder/set.c
/usr/bin/gcc -O4 -ffast-math  -O3 -g -funroll-loops -fprefetch-loop-arrays -static-libgcc -Wl,--hash-style=both,--as-needed -DPARSEC_VERSION=3.0-beta-20150206 -Wall -I.  -O3 -g -funroll-loops -fprefetch-loop-arrays -static-libgcc -Wl,--hash-style=both,--as-needed -DPARSEC_VERSION=3.0-beta-20150206 -DHAVE_MALLOC_H -DHAVE_MMX -DARCH_X86_64 -DSYS_LINUX -DHAVE_PTHREAD -s -fomit-frame-pointer   -c -o encoder/macroblock.o encoder/macroblock.c
/usr/bin/gcc -O4 -ffast-math  -O3 -g -funroll-loops -fprefetch-loop-arrays -static-libgcc -Wl,--hash-style=both,--as-needed -DPARSEC_VERSION=3.0-beta-20150206 -Wall -I.  -O3 -g -funroll-loops -fprefetch-loop-arrays -static-libgcc -Wl,--hash-style=both,--as-needed -DPARSEC_VERSION=3.0-beta-20150206 -DHAVE_MALLOC_H -DHAVE_MMX -DARCH_X86_64 -DSYS_LINUX -DHAVE_PTHREAD -s -fomit-frame-pointer   -c -o encoder/cabac.o encoder/cabac.c
/usr/bin/gcc -O4 -ffast-math  -O3 -g -funroll-loops -fprefetch-loop-arrays -static-libgcc -Wl,--hash-style=both,--as-needed -DPARSEC_VERSION=3.0-beta-20150206 -Wall -I.  -O3 -g -funroll-loops -fprefetch-loop-arrays -static-libgcc -Wl,--hash-style=both,--as-needed -DPARSEC_VERSION=3.0-beta-20150206 -DHAVE_MALLOC_H -DHAVE_MMX -DARCH_X86_64 -DSYS_LINUX -DHAVE_PTHREAD -s -fomit-frame-pointer   -c -o encoder/cavlc.o encoder/cavlc.c
/usr/bin/gcc -O4 -ffast-math  -O3 -g -funroll-loops -fprefetch-loop-arrays -static-libgcc -Wl,--hash-style=both,--as-needed -DPARSEC_VERSION=3.0-beta-20150206 -Wall -I.  -O3 -g -funroll-loops -fprefetch-loop-arrays -static-libgcc -Wl,--hash-style=both,--as-needed -DPARSEC_VERSION=3.0-beta-20150206 -DHAVE_MALLOC_H -DHAVE_MMX -DARCH_X86_64 -DSYS_LINUX -DHAVE_PTHREAD -s -fomit-frame-pointer   -c -o encoder/encoder.o encoder/encoder.c
/usr/bin/gcc -O4 -ffast-math  -O3 -g -funroll-loops -fprefetch-loop-arrays -static-libgcc -Wl,--hash-style=both,--as-needed -DPARSEC_VERSION=3.0-beta-20150206 -Wall -I.  -O3 -g -funroll-loops -fprefetch-loop-arrays -static-libgcc -Wl,--hash-style=both,--as-needed -DPARSEC_VERSION=3.0-beta-20150206 -DHAVE_MALLOC_H -DHAVE_MMX -DARCH_X86_64 -DSYS_LINUX -DHAVE_PTHREAD -s -fomit-frame-pointer   -c -o common/x86/mc-c.o common/x86/mc-c.c
/usr/bin/gcc -O4 -ffast-math  -O3 -g -funroll-loops -fprefetch-loop-arrays -static-libgcc -Wl,--hash-style=both,--as-needed -DPARSEC_VERSION=3.0-beta-20150206 -Wall -I.  -O3 -g -funroll-loops -fprefetch-loop-arrays -static-libgcc -Wl,--hash-style=both,--as-needed -DPARSEC_VERSION=3.0-beta-20150206 -DHAVE_MALLOC_H -DHAVE_MMX -DARCH_X86_64 -DSYS_LINUX -DHAVE_PTHREAD -s -fomit-frame-pointer   -c -o common/x86/predict-c.o common/x86/predict-c.c
yasm -f elf -m amd64 -DARCH_X86_64 -Icommon/x86/ -o common/x86/cabac-a.o common/x86/cabac-a.asm
yasm -f elf -m amd64 -DARCH_X86_64 -Icommon/x86/ -o common/x86/dct-a.o common/x86/dct-a.asm
yasm -f elf -m amd64 -DARCH_X86_64 -Icommon/x86/ -o common/x86/deblock-a.o common/x86/deblock-a.asm
yasm -f elf -m amd64 -DARCH_X86_64 -Icommon/x86/ -o common/x86/mc-a.o common/x86/mc-a.asm
yasm -f elf -m amd64 -DARCH_X86_64 -Icommon/x86/ -o common/x86/mc-a2.o common/x86/mc-a2.asm
yasm -f elf -m amd64 -DARCH_X86_64 -Icommon/x86/ -o common/x86/pixel-a.o common/x86/pixel-a.asm
yasm -f elf -m amd64 -DARCH_X86_64 -Icommon/x86/ -o common/x86/predict-a.o common/x86/predict-a.asm
yasm -f elf -m amd64 -DARCH_X86_64 -Icommon/x86/ -o common/x86/quant-a.o common/x86/quant-a.asm
yasm -f elf -m amd64 -DARCH_X86_64 -Icommon/x86/ -o common/x86/sad-a.o common/x86/sad-a.asm
yasm -f elf -m amd64 -DARCH_X86_64 -Icommon/x86/ -o common/x86/cpu-a.o common/x86/cpu-a.asm
yasm -f elf -m amd64 -DARCH_X86_64 -Icommon/x86/ -o common/x86/dct-64.o common/x86/dct-64.asm
/usr/bin/ar rc libx264.a common/mc.o common/predict.o common/pixel.o common/macroblock.o common/frame.o common/dct.o common/cpu.o common/cabac.o common/common.o common/mdate.o common/set.o common/quant.o common/vlc.o encoder/analyse.o encoder/me.o encoder/ratecontrol.o encoder/set.o encoder/macroblock.o encoder/cabac.o encoder/cavlc.o encoder/encoder.o common/x86/mc-c.o common/x86/predict-c.o common/x86/cabac-a.o common/x86/dct-a.o common/x86/deblock-a.o common/x86/mc-a.o common/x86/mc-a2.o common/x86/pixel-a.o common/x86/predict-a.o common/x86/quant-a.o common/x86/sad-a.o common/x86/cpu-a.o common/x86/dct-64.o
/usr/bin/ranlib libx264.a
/usr/bin/gcc -o x264 x264.o matroska.o muxers.o libx264.a -L/usr/lib64 -L/usr/lib -L/usr/lib64 -L/usr/lib  -lm -lpthread -s
[PARSEC] Running 'env PATH=/home/manoel/Documentos/Faculdade/PCD/parsec-3.0/pkgs/tools/yasm/inst/amd64-linux.gcc/bin:/home/manoel/Documentos/Faculdade/PCD/parsec-3.0/bin:/home/manoel/bin:/home/manoel/.local/bin:/home/manoel/Downloads/anaconda3/condabin:/home/manoel/.nvm/versions/node/v14.15.0/bin:/home/manoel/bin:/home/manoel/.local/bin:/usr/local/sbin:/usr/local/bin:/usr/sbin:/usr/bin:/sbin:/bin:/usr/games:/usr/local/games:/snap/bin:/home/manoel/Documentos/Faculdade/Programaçao Concorrente e Distribuida/parsec-3.0/bin:/home/manoel/Documentos/Faculdade/Programaçao Concorrente e Distribuida/parsec-3.0/bin:/home/manoel/Documentos/Faculdade/PCD/parsec-3.0/bin /usr/bin/make install':
install -d /home/manoel/Documentos/Faculdade/PCD/parsec-3.0/pkgs/apps/x264/inst/amd64-linux.gcc/bin /home/manoel/Documentos/Faculdade/PCD/parsec-3.0/pkgs/apps/x264/inst/amd64-linux.gcc/include
install -d /home/manoel/Documentos/Faculdade/PCD/parsec-3.0/pkgs/apps/x264/inst/amd64-linux.gcc/lib /home/manoel/Documentos/Faculdade/PCD/parsec-3.0/pkgs/apps/x264/inst/amd64-linux.gcc/lib/pkgconfig
install -m 644 x264.h /home/manoel/Documentos/Faculdade/PCD/parsec-3.0/pkgs/apps/x264/inst/amd64-linux.gcc/include
install -m 644 libx264.a /home/manoel/Documentos/Faculdade/PCD/parsec-3.0/pkgs/apps/x264/inst/amd64-linux.gcc/lib
install -m 644 x264.pc /home/manoel/Documentos/Faculdade/PCD/parsec-3.0/pkgs/apps/x264/inst/amd64-linux.gcc/lib/pkgconfig
install x264 /home/manoel/Documentos/Faculdade/PCD/parsec-3.0/pkgs/apps/x264/inst/amd64-linux.gcc/bin
/usr/bin/ranlib /home/manoel/Documentos/Faculdade/PCD/parsec-3.0/pkgs/apps/x264/inst/amd64-linux.gcc/lib/libx264.a
[PARSEC] Done.
